  [1m[35m (0.2ms)[0m  [1m[35mCREATE TABLE "schema_migrations" ("version" varchar NOT NULL PRIMARY KEY)[0m
  [1m[35m (0.1ms)[0m  [1m[35mCREATE TABLE "ar_internal_metadata" ("key" varchar NOT NULL PRIMARY KEY, "value" varchar, "created_at" datetime(6) NOT NULL, "updated_at" datetime(6) NOT NULL)[0m
  [1m[36mActiveRecord::SchemaMigration Load (0.0ms)[0m  [1m[34mSELECT "schema_migrations"."version" FROM "schema_migrations" ORDER BY "schema_migrations"."version" ASC[0m
  [1m[36mActiveRecord::SchemaMigration Load (0.1ms)[0m  [1m[34mSELECT "schema_migrations"."version" FROM "schema_migrations" ORDER BY "schema_migrations"."version" ASC[0m
  [1m[36mActiveRecord::SchemaMigration Load (0.1ms)[0m  [1m[34mSELECT "schema_migrations"."version" FROM "schema_migrations" ORDER BY "schema_migrations"."version" ASC[0m
  [1m[36mActiveRecord::SchemaMigration Load (0.1ms)[0m  [1m[34mSELECT "schema_migrations"."version" FROM "schema_migrations" ORDER BY "schema_migrations"."version" ASC[0m
  [1m[36mActiveRecord::SchemaMigration Load (0.1ms)[0m  [1m[34mSELECT "schema_migrations"."version" FROM "schema_migrations" ORDER BY "schema_migrations"."version" ASC[0m
  [1m[36mActiveRecord::SchemaMigration Load (0.0ms)[0m  [1m[34mSELECT "schema_migrations"."version" FROM "schema_migrations" ORDER BY "schema_migrations"."version" ASC[0m
  [1m[36mActiveRecord::SchemaMigration Load (0.1ms)[0m  [1m[34mSELECT "schema_migrations"."version" FROM "schema_migrations" ORDER BY "schema_migrations"."version" ASC[0m
  [1m[36mActiveRecord::SchemaMigration Load (0.1ms)[0m  [1m[34mSELECT "schema_migrations"."version" FROM "schema_migrations" ORDER BY "schema_migrations"."version" ASC[0m
  [1m[36mActiveRecord::SchemaMigration Load (0.0ms)[0m  [1m[34mSELECT "schema_migrations"."version" FROM "schema_migrations" ORDER BY "schema_migrations"."version" ASC[0m
  [1m[36mActiveRecord::SchemaMigration Load (0.1ms)[0m  [1m[34mSELECT "schema_migrations"."version" FROM "schema_migrations" ORDER BY "schema_migrations"."version" ASC[0m
  [1m[36mActiveRecord::SchemaMigration Load (0.0ms)[0m  [1m[34mSELECT "schema_migrations"."version" FROM "schema_migrations" ORDER BY "schema_migrations"."version" ASC[0m
  [1m[36mActiveRecord::SchemaMigration Load (0.0ms)[0m  [1m[34mSELECT "schema_migrations"."version" FROM "schema_migrations" ORDER BY "schema_migrations"."version" ASC[0m
  [1m[36mActiveRecord::InternalMetadata Load (0.1ms)[0m  [1m[34mSELECT * FROM "ar_internal_metadata" WHERE "ar_internal_metadata"."key" = ? ORDER BY "ar_internal_metadata"."key" ASC LIMIT 1[0m  [[nil, "environment"]]
  [1m[36mActiveRecord::InternalMetadata Create (0.2ms)[0m  [1m[32mINSERT INTO "ar_internal_metadata" ("key", "value", "created_at", "updated_at") VALUES ('environment', 'development', '2024-08-18 18:48:27.313875', '2024-08-18 18:48:27.313877') RETURNING "key"[0m
  [1m[36mActiveRecord::SchemaMigration Load (0.0ms)[0m  [1m[34mSELECT "schema_migrations"."version" FROM "schema_migrations" ORDER BY "schema_migrations"."version" ASC[0m
Migrating to CreateSurvey (20240818180902)
  [1m[36mActiveRecord::InternalMetadata Load (0.0ms)[0m  [1m[34mSELECT * FROM "ar_internal_metadata" WHERE "ar_internal_metadata"."key" = ? ORDER BY "ar_internal_metadata"."key" ASC LIMIT 1[0m  [[nil, "environment"]]
  [1m[36mActiveRecord::SchemaMigration Load (0.0ms)[0m  [1m[34mSELECT "schema_migrations"."version" FROM "schema_migrations" ORDER BY "schema_migrations"."version" ASC[0m
Migrating to CreateSurvey (20240818180902)
  [1m[36mTRANSACTION (0.0ms)[0m  [1m[36mbegin transaction[0m
  [1m[35m (0.5ms)[0m  [1m[35mCREATE TABLE "survey_surveys" ("id" integer PRIMARY KEY AUTOINCREMENT NOT NULL, "name" varchar, "description" text, "attempts_number" integer DEFAULT 0, "finished" boolean DEFAULT 0, "active" boolean DEFAULT 1, "created_at" datetime(6) NOT NULL, "updated_at" datetime(6) NOT NULL)[0m
  [1m[35m (0.0ms)[0m  [1m[35mCREATE TABLE "survey_questions" ("id" integer PRIMARY KEY AUTOINCREMENT NOT NULL, "survey_id" integer, "text" varchar, "created_at" datetime(6) NOT NULL, "updated_at" datetime(6) NOT NULL)[0m
  [1m[35m (0.0ms)[0m  [1m[35mCREATE TABLE "survey_options" ("id" integer PRIMARY KEY AUTOINCREMENT NOT NULL, "question_id" integer, "weight" integer DEFAULT 0, "text" varchar, "correct" boolean, "created_at" datetime(6) NOT NULL, "updated_at" datetime(6) NOT NULL)[0m
  [1m[35m (0.1ms)[0m  [1m[35mCREATE TABLE "survey_attempts" ("id" integer PRIMARY KEY AUTOINCREMENT NOT NULL, "participant_type" varchar, "participant_id" integer, "survey_id" integer, "winner" boolean DEFAULT 0 NOT NULL, "score" decimal, "created_at" datetime(6) NOT NULL, "updated_at" datetime(6) NOT NULL)[0m
  [1m[35m (0.0ms)[0m  [1m[35mCREATE INDEX "index_survey_attempts_on_participant" ON "survey_attempts" ("participant_type", "participant_id")[0m
  [1m[35m (0.0ms)[0m  [1m[35mCREATE TABLE "survey_answers" ("id" integer PRIMARY KEY AUTOINCREMENT NOT NULL, "attempt_id" integer, "question_id" integer, "option_id" integer, "correct" boolean DEFAULT 0 NOT NULL, "created_at" datetime(6) NOT NULL, "updated_at" datetime(6) NOT NULL)[0m
  [1m[36mActiveRecord::SchemaMigration Create (0.0ms)[0m  [1m[32mINSERT INTO "schema_migrations" ("version") VALUES ('20240818180902') RETURNING "version"[0m
  [1m[36mTRANSACTION (0.1ms)[0m  [1m[36mcommit transaction[0m
Migrating to CreateSections (20240818180903)
  [1m[36mActiveRecord::SchemaMigration Load (0.1ms)[0m  [1m[34mSELECT "schema_migrations"."version" FROM "schema_migrations" ORDER BY "schema_migrations"."version" ASC[0m
  [1m[36mActiveRecord::SchemaMigration Load (0.0ms)[0m  [1m[34mSELECT "schema_migrations"."version" FROM "schema_migrations" ORDER BY "schema_migrations"."version" ASC[0m
  [1m[36mActiveRecord::SchemaMigration Load (0.0ms)[0m  [1m[34mSELECT "schema_migrations"."version" FROM "schema_migrations" ORDER BY "schema_migrations"."version" ASC[0m
  [1m[36mActiveRecord::SchemaMigration Load (0.0ms)[0m  [1m[34mSELECT "schema_migrations"."version" FROM "schema_migrations" ORDER BY "schema_migrations"."version" ASC[0m
Migrating to CreateSurvey (20240818180902)
  [1m[36mTRANSACTION (0.0ms)[0m  [1m[36mbegin transaction[0m
  [1m[35m (0.5ms)[0m  [1m[35mDROP TABLE "survey_surveys"[0m
  [1m[35m (0.0ms)[0m  [1m[35mDROP TABLE "survey_questions"[0m
  [1m[35m (0.0ms)[0m  [1m[35mDROP TABLE "survey_options"[0m
  [1m[35m (0.0ms)[0m  [1m[35mDROP TABLE "survey_attempts"[0m
  [1m[35m (0.0ms)[0m  [1m[35mDROP TABLE "survey_answers"[0m
  [1m[36mActiveRecord::SchemaMigration Destroy (0.0ms)[0m  [1m[31mDELETE FROM "schema_migrations" WHERE "schema_migrations"."version" = '20240818180902'[0m
  [1m[36mTRANSACTION (0.1ms)[0m  [1m[36mcommit transaction[0m
  [1m[36mActiveRecord::SchemaMigration Load (0.0ms)[0m  [1m[34mSELECT "schema_migrations"."version" FROM "schema_migrations" ORDER BY "schema_migrations"."version" ASC[0m
  [1m[36mActiveRecord::InternalMetadata Load (0.0ms)[0m  [1m[34mSELECT * FROM "ar_internal_metadata" WHERE "ar_internal_metadata"."key" = ? ORDER BY "ar_internal_metadata"."key" ASC LIMIT 1[0m  [[nil, "environment"]]
  [1m[36mActiveRecord::SchemaMigration Load (0.0ms)[0m  [1m[34mSELECT "schema_migrations"."version" FROM "schema_migrations" ORDER BY "schema_migrations"."version" ASC[0m
Migrating to CreateUsers (20240818184555)
  [1m[36mTRANSACTION (0.0ms)[0m  [1m[36mbegin transaction[0m
  [1m[35m (0.5ms)[0m  [1m[35mCREATE TABLE "users" ("id" integer PRIMARY KEY AUTOINCREMENT NOT NULL, "name" varchar, "created_at" datetime(6) NOT NULL, "updated_at" datetime(6) NOT NULL)[0m
  [1m[36mActiveRecord::SchemaMigration Create (0.1ms)[0m  [1m[32mINSERT INTO "schema_migrations" ("version") VALUES ('20240818184555') RETURNING "version"[0m
  [1m[36mTRANSACTION (0.1ms)[0m  [1m[36mcommit transaction[0m
Migrating to CreateSurvey (20240818185931)
  [1m[36mTRANSACTION (0.0ms)[0m  [1m[36mbegin transaction[0m
  [1m[35m (0.3ms)[0m  [1m[35mCREATE TABLE "survey_surveys" ("id" integer PRIMARY KEY AUTOINCREMENT NOT NULL, "name" varchar, "description" text, "attempts_number" integer DEFAULT 0, "finished" boolean DEFAULT 0, "active" boolean DEFAULT 1, "created_at" datetime(6) NOT NULL, "updated_at" datetime(6) NOT NULL)[0m
  [1m[35m (0.0ms)[0m  [1m[35mCREATE TABLE "survey_questions" ("id" integer PRIMARY KEY AUTOINCREMENT NOT NULL, "survey_id" integer, "text" varchar, "created_at" datetime(6) NOT NULL, "updated_at" datetime(6) NOT NULL)[0m
  [1m[35m (0.0ms)[0m  [1m[35mCREATE TABLE "survey_options" ("id" integer PRIMARY KEY AUTOINCREMENT NOT NULL, "question_id" integer, "weight" integer DEFAULT 0, "text" varchar, "correct" boolean, "created_at" datetime(6) NOT NULL, "updated_at" datetime(6) NOT NULL)[0m
  [1m[35m (0.0ms)[0m  [1m[35mCREATE TABLE "survey_attempts" ("id" integer PRIMARY KEY AUTOINCREMENT NOT NULL, "participant_type" varchar, "participant_id" integer, "survey_id" integer, "winner" boolean DEFAULT 0 NOT NULL, "score" decimal, "created_at" datetime(6) NOT NULL, "updated_at" datetime(6) NOT NULL)[0m
  [1m[35m (0.0ms)[0m  [1m[35mCREATE INDEX "index_survey_attempts_on_participant" ON "survey_attempts" ("participant_type", "participant_id")[0m
  [1m[35m (0.0ms)[0m  [1m[35mCREATE TABLE "survey_answers" ("id" integer PRIMARY KEY AUTOINCREMENT NOT NULL, "attempt_id" integer, "question_id" integer, "option_id" integer, "correct" boolean DEFAULT 0 NOT NULL, "created_at" datetime(6) NOT NULL, "updated_at" datetime(6) NOT NULL)[0m
  [1m[36mActiveRecord::SchemaMigration Create (0.0ms)[0m  [1m[32mINSERT INTO "schema_migrations" ("version") VALUES ('20240818185931') RETURNING "version"[0m
  [1m[36mTRANSACTION (0.1ms)[0m  [1m[36mcommit transaction[0m
Migrating to CreateSections (20240818185932)
  [1m[36mTRANSACTION (0.0ms)[0m  [1m[36mbegin transaction[0m
  [1m[35m (0.3ms)[0m  [1m[35mCREATE TABLE "survey_sections" ("id" integer PRIMARY KEY AUTOINCREMENT NOT NULL, "head_number" varchar, "name" varchar, "description" text, "survey_id" integer, "created_at" datetime(6) NOT NULL, "updated_at" datetime(6) NOT NULL)[0m
  [1m[35m (0.0ms)[0m  [1m[35mPRAGMA foreign_keys[0m
  [1m[35m (0.0ms)[0m  [1m[35mPRAGMA defer_foreign_keys[0m
  [1m[35m (0.0ms)[0m  [1m[35mPRAGMA defer_foreign_keys = ON[0m
  [1m[35m (0.0ms)[0m  [1m[35mPRAGMA foreign_keys = OFF[0m
  [1m[35m (0.1ms)[0m  [1m[35mCREATE TEMPORARY TABLE "asurvey_questions" ("id" integer PRIMARY KEY AUTOINCREMENT NOT NULL, "survey_id" integer DEFAULT NULL, "text" varchar DEFAULT NULL, "created_at" datetime(6) NOT NULL, "updated_at" datetime(6) NOT NULL)[0m
  [1m[35m (0.0ms)[0m  [1m[32mINSERT INTO "asurvey_questions" ("id","survey_id","text","created_at","updated_at")
                     SELECT "id","survey_id","text","created_at","updated_at" FROM "survey_questions"[0m
  [1m[35m (0.0ms)[0m  [1m[35mDROP TABLE "survey_questions"[0m
  [1m[35m (0.0ms)[0m  [1m[35mCREATE TABLE "survey_questions" ("id" integer PRIMARY KEY AUTOINCREMENT NOT NULL, "text" varchar DEFAULT NULL, "created_at" datetime(6) NOT NULL, "updated_at" datetime(6) NOT NULL)[0m
  [1m[35m (0.0ms)[0m  [1m[32mINSERT INTO "survey_questions" ("id","text","created_at","updated_at")
                     SELECT "id","text","created_at","updated_at" FROM "asurvey_questions"[0m
  [1m[35m (0.0ms)[0m  [1m[35mDROP TABLE "asurvey_questions"[0m
  [1m[35m (0.0ms)[0m  [1m[35mPRAGMA defer_foreign_keys = 0[0m
  [1m[35m (0.0ms)[0m  [1m[35mPRAGMA foreign_keys = 1[0m
  [1m[35m (0.1ms)[0m  [1m[35mALTER TABLE "survey_questions" ADD "section_id" integer[0m
  [1m[36mActiveRecord::SchemaMigration Create (0.0ms)[0m  [1m[32mINSERT INTO "schema_migrations" ("version") VALUES ('20240818185932') RETURNING "version"[0m
  [1m[36mTRANSACTION (0.1ms)[0m  [1m[36mcommit transaction[0m
Migrating to UpdateSurveyTables (20240818185933)
  [1m[36mTRANSACTION (0.0ms)[0m  [1m[36mbegin transaction[0m
  [1m[35m (0.3ms)[0m  [1m[35mALTER TABLE "survey_surveys" ADD "locale_name" varchar[0m
  [1m[35m (0.1ms)[0m  [1m[35mALTER TABLE "survey_surveys" ADD "locale_description" text[0m
  [1m[35m (0.1ms)[0m  [1m[35mALTER TABLE "survey_sections" ADD "locale_head_number" varchar[0m
  [1m[35m (0.1ms)[0m  [1m[35mALTER TABLE "survey_sections" ADD "locale_name" varchar[0m
  [1m[35m (0.1ms)[0m  [1m[35mALTER TABLE "survey_sections" ADD "locale_description" text[0m
  [1m[35m (0.1ms)[0m  [1m[35mALTER TABLE "survey_questions" ADD "head_number" varchar[0m
  [1m[35m (0.1ms)[0m  [1m[35mALTER TABLE "survey_questions" ADD "description" text[0m
  [1m[35m (0.1ms)[0m  [1m[35mALTER TABLE "survey_questions" ADD "locale_text" varchar[0m
  [1m[35m (0.1ms)[0m  [1m[35mALTER TABLE "survey_questions" ADD "locale_head_number" varchar[0m
  [1m[35m (0.1ms)[0m  [1m[35mALTER TABLE "survey_questions" ADD "locale_description" text[0m
  [1m[35m (0.1ms)[0m  [1m[35mALTER TABLE "survey_options" ADD "locale_text" varchar[0m
  [1m[36mActiveRecord::SchemaMigration Create (0.0ms)[0m  [1m[32mINSERT INTO "schema_migrations" ("version") VALUES ('20240818185933') RETURNING "version"[0m
  [1m[36mTRANSACTION (0.0ms)[0m  [1m[36mcommit transaction[0m
Migrating to AddTypesToQuestionsAndOptions (20240818185934)
  [1m[36mTRANSACTION (0.0ms)[0m  [1m[36mbegin transaction[0m
  [1m[35m (0.5ms)[0m  [1m[35mALTER TABLE "survey_questions" ADD "questions_type_id" integer[0m
  [1m[35m (0.1ms)[0m  [1m[35mALTER TABLE "survey_options" ADD "options_type_id" integer[0m
  [1m[35m (0.1ms)[0m  [1m[35mALTER TABLE "survey_answers" ADD "option_text" text[0m
  [1m[35m (0.1ms)[0m  [1m[35mALTER TABLE "survey_answers" ADD "option_number" integer[0m
  [1m[36mActiveRecord::SchemaMigration Create (0.0ms)[0m  [1m[32mINSERT INTO "schema_migrations" ("version") VALUES ('20240818185934') RETURNING "version"[0m
  [1m[36mTRANSACTION (0.0ms)[0m  [1m[36mcommit transaction[0m
Migrating to AddHeadNumberToOptionsTable (20240818185935)
  [1m[36mTRANSACTION (0.0ms)[0m  [1m[36mbegin transaction[0m
  [1m[35m (0.4ms)[0m  [1m[35mALTER TABLE "survey_options" ADD "head_number" varchar[0m
  [1m[36mActiveRecord::SchemaMigration Create (0.0ms)[0m  [1m[32mINSERT INTO "schema_migrations" ("version") VALUES ('20240818185935') RETURNING "version"[0m
  [1m[36mTRANSACTION (0.1ms)[0m  [1m[36mcommit transaction[0m
Migrating to CreatePredefinedValuesTable (20240818185936)
  [1m[36mTRANSACTION (0.0ms)[0m  [1m[36mbegin transaction[0m
  [1m[35m (0.5ms)[0m  [1m[35mCREATE TABLE "survey_predefined_values" ("id" integer PRIMARY KEY AUTOINCREMENT NOT NULL, "head_number" varchar, "name" varchar, "locale_name" varchar, "question_id" integer, "created_at" datetime(6) NOT NULL, "updated_at" datetime(6) NOT NULL)[0m
  [1m[35m (0.1ms)[0m  [1m[35mALTER TABLE "survey_answers" ADD "predefined_value_id" integer[0m
  [1m[36mActiveRecord::SchemaMigration Create (0.0ms)[0m  [1m[32mINSERT INTO "schema_migrations" ("version") VALUES ('20240818185936') RETURNING "version"[0m
  [1m[36mTRANSACTION (0.0ms)[0m  [1m[36mcommit transaction[0m
Migrating to AddMandatoryToQuestionsTable (20240818185937)
  [1m[36mTRANSACTION (0.0ms)[0m  [1m[36mbegin transaction[0m
  [1m[35m (0.5ms)[0m  [1m[35mALTER TABLE "survey_questions" ADD "mandatory" boolean DEFAULT 0[0m
  [1m[36mActiveRecord::SchemaMigration Create (0.0ms)[0m  [1m[32mINSERT INTO "schema_migrations" ("version") VALUES ('20240818185937') RETURNING "version"[0m
  [1m[36mTRANSACTION (0.0ms)[0m  [1m[36mcommit transaction[0m
  [1m[36mActiveRecord::SchemaMigration Load (0.0ms)[0m  [1m[34mSELECT "schema_migrations"."version" FROM "schema_migrations" ORDER BY "schema_migrations"."version" ASC[0m
  [1m[36mActiveRecord::InternalMetadata Load (0.0ms)[0m  [1m[34mSELECT * FROM "ar_internal_metadata" WHERE "ar_internal_metadata"."key" = ? ORDER BY "ar_internal_metadata"."key" ASC LIMIT 1[0m  [[nil, "schema_sha1"]]
  [1m[36mActiveRecord::SchemaMigration Load (0.0ms)[0m  [1m[34mSELECT "schema_migrations"."version" FROM "schema_migrations" ORDER BY "schema_migrations"."version" ASC[0m
  [1m[36mActiveRecord::InternalMetadata Load (0.0ms)[0m  [1m[34mSELECT * FROM "ar_internal_metadata" WHERE "ar_internal_metadata"."key" = ? ORDER BY "ar_internal_metadata"."key" ASC LIMIT 1[0m  [[nil, "environment"]]
  [1m[36mActiveRecord::SchemaMigration Load (0.0ms)[0m  [1m[34mSELECT "schema_migrations"."version" FROM "schema_migrations" ORDER BY "schema_migrations"."version" ASC[0m
  [1m[36mActiveRecord::InternalMetadata Load (0.0ms)[0m  [1m[34mSELECT * FROM "ar_internal_metadata" WHERE "ar_internal_metadata"."key" = ? ORDER BY "ar_internal_metadata"."key" ASC LIMIT 1[0m  [[nil, "environment"]]
  [1m[36mActiveRecord::SchemaMigration Load (0.0ms)[0m  [1m[34mSELECT "schema_migrations"."version" FROM "schema_migrations" ORDER BY "schema_migrations"."version" ASC[0m
  [1m[36mActiveRecord::InternalMetadata Load (0.0ms)[0m  [1m[34mSELECT * FROM "ar_internal_metadata" WHERE "ar_internal_metadata"."key" = ? ORDER BY "ar_internal_metadata"."key" ASC LIMIT 1[0m  [[nil, "environment"]]
  [1m[35m (0.1ms)[0m  [1m[35mDROP TABLE IF EXISTS "survey_answers"[0m
  [1m[35m (0.2ms)[0m  [1m[35mCREATE TABLE "survey_answers" ("id" integer PRIMARY KEY AUTOINCREMENT NOT NULL, "attempt_id" integer, "question_id" integer, "option_id" integer, "correct" boolean DEFAULT 0 NOT NULL, "created_at" datetime(6) NOT NULL, "updated_at" datetime(6) NOT NULL, "option_text" text, "option_number" integer, "predefined_value_id" integer)[0m
  [1m[35m (0.0ms)[0m  [1m[35mDROP TABLE IF EXISTS "survey_attempts"[0m
  [1m[35m (0.1ms)[0m  [1m[35mCREATE TABLE "survey_attempts" ("id" integer PRIMARY KEY AUTOINCREMENT NOT NULL, "participant_type" varchar, "participant_id" integer, "survey_id" integer, "winner" boolean DEFAULT 0 NOT NULL, "score" decimal, "created_at" datetime(6) NOT NULL, "updated_at" datetime(6) NOT NULL)[0m
  [1m[35m (0.0ms)[0m  [1m[35mCREATE INDEX "index_survey_attempts_on_participant" ON "survey_attempts" ("participant_type", "participant_id")[0m
  [1m[35m (0.0ms)[0m  [1m[35mDROP TABLE IF EXISTS "survey_options"[0m
  [1m[35m (0.1ms)[0m  [1m[35mCREATE TABLE "survey_options" ("id" integer PRIMARY KEY AUTOINCREMENT NOT NULL, "question_id" integer, "weight" integer DEFAULT 0, "text" varchar, "correct" boolean, "created_at" datetime(6) NOT NULL, "updated_at" datetime(6) NOT NULL, "locale_text" varchar, "options_type_id" integer, "head_number" varchar)[0m
  [1m[35m (0.0ms)[0m  [1m[35mDROP TABLE IF EXISTS "survey_predefined_values"[0m
  [1m[35m (0.1ms)[0m  [1m[35mCREATE TABLE "survey_predefined_values" ("id" integer PRIMARY KEY AUTOINCREMENT NOT NULL, "head_number" varchar, "name" varchar, "locale_name" varchar, "question_id" integer, "created_at" datetime(6) NOT NULL, "updated_at" datetime(6) NOT NULL)[0m
  [1m[35m (0.0ms)[0m  [1m[35mDROP TABLE IF EXISTS "survey_questions"[0m
  [1m[35m (0.1ms)[0m  [1m[35mCREATE TABLE "survey_questions" ("id" integer PRIMARY KEY AUTOINCREMENT NOT NULL, "text" varchar, "created_at" datetime(6) NOT NULL, "updated_at" datetime(6) NOT NULL, "section_id" integer, "head_number" varchar, "description" text, "locale_text" varchar, "locale_head_number" varchar, "locale_description" text, "questions_type_id" integer, "mandatory" boolean DEFAULT 0)[0m
  [1m[35m (0.1ms)[0m  [1m[35mDROP TABLE IF EXISTS "survey_sections"[0m
  [1m[35m (0.2ms)[0m  [1m[35mCREATE TABLE "survey_sections" ("id" integer PRIMARY KEY AUTOINCREMENT NOT NULL, "head_number" varchar, "name" varchar, "description" text, "survey_id" integer, "created_at" datetime(6) NOT NULL, "updated_at" datetime(6) NOT NULL, "locale_head_number" varchar, "locale_name" varchar, "locale_description" text)[0m
  [1m[35m (0.0ms)[0m  [1m[35mDROP TABLE IF EXISTS "survey_surveys"[0m
  [1m[35m (0.1ms)[0m  [1m[35mCREATE TABLE "survey_surveys" ("id" integer PRIMARY KEY AUTOINCREMENT NOT NULL, "name" varchar, "description" text, "attempts_number" integer DEFAULT 0, "finished" boolean DEFAULT 0, "active" boolean DEFAULT 1, "created_at" datetime(6) NOT NULL, "updated_at" datetime(6) NOT NULL, "locale_name" varchar, "locale_description" text)[0m
  [1m[35m (0.0ms)[0m  [1m[35mDROP TABLE IF EXISTS "users"[0m
  [1m[35m (0.1ms)[0m  [1m[35mCREATE TABLE "users" ("id" integer PRIMARY KEY AUTOINCREMENT NOT NULL, "name" varchar, "created_at" datetime(6) NOT NULL, "updated_at" datetime(6) NOT NULL)[0m
  [1m[35m (0.1ms)[0m  [1m[35mCREATE TABLE "schema_migrations" ("version" varchar NOT NULL PRIMARY KEY)[0m
  [1m[36mActiveRecord::SchemaMigration Load (0.0ms)[0m  [1m[34mSELECT "schema_migrations"."version" FROM "schema_migrations" ORDER BY "schema_migrations"."version" ASC[0m
  [1m[35m (0.1ms)[0m  [1m[32mINSERT INTO "schema_migrations" (version) VALUES (20240818185937)[0m
  [1m[35m (0.0ms)[0m  [1m[32mINSERT INTO "schema_migrations" (version) VALUES
(20240818185936),
(20240818185935),
(20240818185934),
(20240818185933),
(20240818185932),
(20240818185931),
(20240818184555);[0m
  [1m[35m (0.1ms)[0m  [1m[35mCREATE TABLE "ar_internal_metadata" ("key" varchar NOT NULL PRIMARY KEY, "value" varchar, "created_at" datetime(6) NOT NULL, "updated_at" datetime(6) NOT NULL)[0m
  [1m[36mActiveRecord::InternalMetadata Load (0.0ms)[0m  [1m[34mSELECT * FROM "ar_internal_metadata" WHERE "ar_internal_metadata"."key" = ? ORDER BY "ar_internal_metadata"."key" ASC LIMIT 1[0m  [[nil, "environment"]]
  [1m[36mActiveRecord::InternalMetadata Create (0.1ms)[0m  [1m[32mINSERT INTO "ar_internal_metadata" ("key", "value", "created_at", "updated_at") VALUES ('environment', 'development', '2024-08-18 19:00:00.061274', '2024-08-18 19:00:00.061276') RETURNING "key"[0m
  [1m[36mActiveRecord::InternalMetadata Load (0.0ms)[0m  [1m[34mSELECT * FROM "ar_internal_metadata" WHERE "ar_internal_metadata"."key" = ? ORDER BY "ar_internal_metadata"."key" ASC LIMIT 1[0m  [[nil, "environment"]]
  [1m[36mActiveRecord::InternalMetadata Update (0.1ms)[0m  [1m[33mUPDATE "ar_internal_metadata" SET "value" = 'test', "updated_at" = '2024-08-18 19:00:00.064656' WHERE "ar_internal_metadata"."key" = 'environment'[0m
  [1m[36mActiveRecord::InternalMetadata Load (0.0ms)[0m  [1m[34mSELECT * FROM "ar_internal_metadata" WHERE "ar_internal_metadata"."key" = ? ORDER BY "ar_internal_metadata"."key" ASC LIMIT 1[0m  [[nil, "schema_sha1"]]
  [1m[36mActiveRecord::InternalMetadata Create (0.1ms)[0m  [1m[32mINSERT INTO "ar_internal_metadata" ("key", "value", "created_at", "updated_at") VALUES ('schema_sha1', 'f902039f787c96aabe516a6c6bd0b5fc68b2fabe', '2024-08-18 19:00:00.065437', '2024-08-18 19:00:00.065438') RETURNING "key"[0m
  [1m[36mActiveRecord::SchemaMigration Load (0.0ms)[0m  [1m[34mSELECT "schema_migrations"."version" FROM "schema_migrations" ORDER BY "schema_migrations"."version" ASC[0m
  [1m[36mTRANSACTION (0.0ms)[0m  [1m[36mbegin transaction[0m
  [1m[36mUser Create (0.5ms)[0m  [1m[32mINSERT INTO "users" ("name", "created_at", "updated_at") VALUES (?, ?, ?) RETURNING "id"[0m  [["name", "Juli Jaskolski DC"], ["created_at", "2024-08-18 19:00:00.578396"], ["updated_at", "2024-08-18 19:00:00.578396"]]
  [1m[36mTRANSACTION (0.1ms)[0m  [1m[36mcommit transaction[0m
  [1m[36mTRANSACTION (0.0ms)[0m  [1m[36mbegin transaction[0m
  [1m[36mUser Create (0.4ms)[0m  [1m[32mINSERT INTO "users" ("name", "created_at", "updated_at") VALUES (?, ?, ?) RETURNING "id"[0m  [["name", "Sulema Heller"], ["created_at", "2024-08-18 19:00:00.580320"], ["updated_at", "2024-08-18 19:00:00.580320"]]
  [1m[36mTRANSACTION (0.0ms)[0m  [1m[36mcommit transaction[0m
  [1m[36mActiveRecord::InternalMetadata Load (0.0ms)[0m  [1m[34mSELECT * FROM "ar_internal_metadata" WHERE "ar_internal_metadata"."key" = ? ORDER BY "ar_internal_metadata"."key" ASC LIMIT 1[0m  [[nil, "schema_sha1"]]
  [1m[36mActiveRecord::SchemaMigration Load (0.0ms)[0m  [1m[34mSELECT "schema_migrations"."version" FROM "schema_migrations" ORDER BY "schema_migrations"."version" ASC[0m
  [1m[36mActiveRecord::InternalMetadata Load (0.0ms)[0m  [1m[34mSELECT * FROM "ar_internal_metadata" WHERE "ar_internal_metadata"."key" = ? ORDER BY "ar_internal_metadata"."key" ASC LIMIT 1[0m  [[nil, "environment"]]
  [1m[36mActiveRecord::SchemaMigration Load (0.0ms)[0m  [1m[34mSELECT "schema_migrations"."version" FROM "schema_migrations" ORDER BY "schema_migrations"."version" ASC[0m
  [1m[36mActiveRecord::InternalMetadata Load (0.0ms)[0m  [1m[34mSELECT * FROM "ar_internal_metadata" WHERE "ar_internal_metadata"."key" = ? ORDER BY "ar_internal_metadata"."key" ASC LIMIT 1[0m  [[nil, "environment"]]
  [1m[36mActiveRecord::SchemaMigration Load (0.0ms)[0m  [1m[34mSELECT "schema_migrations"."version" FROM "schema_migrations" ORDER BY "schema_migrations"."version" ASC[0m
  [1m[36mActiveRecord::InternalMetadata Load (0.0ms)[0m  [1m[34mSELECT * FROM "ar_internal_metadata" WHERE "ar_internal_metadata"."key" = ? ORDER BY "ar_internal_metadata"."key" ASC LIMIT 1[0m  [[nil, "environment"]]
  [1m[35m (0.1ms)[0m  [1m[35mDROP TABLE IF EXISTS "survey_answers"[0m
  [1m[35m (0.8ms)[0m  [1m[35mCREATE TABLE "survey_answers" ("id" integer PRIMARY KEY AUTOINCREMENT NOT NULL, "attempt_id" integer, "question_id" integer, "option_id" integer, "correct" boolean DEFAULT 0 NOT NULL, "created_at" datetime(6) NOT NULL, "updated_at" datetime(6) NOT NULL, "option_text" text, "option_number" integer, "predefined_value_id" integer)[0m
  [1m[35m (0.0ms)[0m  [1m[35mDROP TABLE IF EXISTS "survey_attempts"[0m
  [1m[35m (0.1ms)[0m  [1m[35mCREATE TABLE "survey_attempts" ("id" integer PRIMARY KEY AUTOINCREMENT NOT NULL, "participant_type" varchar, "participant_id" integer, "survey_id" integer, "winner" boolean DEFAULT 0 NOT NULL, "score" decimal, "created_at" datetime(6) NOT NULL, "updated_at" datetime(6) NOT NULL)[0m
  [1m[35m (0.1ms)[0m  [1m[35mCREATE INDEX "index_survey_attempts_on_participant" ON "survey_attempts" ("participant_type", "participant_id")[0m
  [1m[35m (0.0ms)[0m  [1m[35mDROP TABLE IF EXISTS "survey_options"[0m
  [1m[35m (0.1ms)[0m  [1m[35mCREATE TABLE "survey_options" ("id" integer PRIMARY KEY AUTOINCREMENT NOT NULL, "question_id" integer, "weight" integer DEFAULT 0, "text" varchar, "correct" boolean, "created_at" datetime(6) NOT NULL, "updated_at" datetime(6) NOT NULL, "locale_text" varchar, "options_type_id" integer, "head_number" varchar)[0m
  [1m[35m (0.0ms)[0m  [1m[35mDROP TABLE IF EXISTS "survey_predefined_values"[0m
  [1m[35m (0.0ms)[0m  [1m[35mCREATE TABLE "survey_predefined_values" ("id" integer PRIMARY KEY AUTOINCREMENT NOT NULL, "head_number" varchar, "name" varchar, "locale_name" varchar, "question_id" integer, "created_at" datetime(6) NOT NULL, "updated_at" datetime(6) NOT NULL)[0m
  [1m[35m (0.0ms)[0m  [1m[35mDROP TABLE IF EXISTS "survey_questions"[0m
  [1m[35m (0.1ms)[0m  [1m[35mCREATE TABLE "survey_questions" ("id" integer PRIMARY KEY AUTOINCREMENT NOT NULL, "text" varchar, "created_at" datetime(6) NOT NULL, "updated_at" datetime(6) NOT NULL, "section_id" integer, "head_number" varchar, "description" text, "locale_text" varchar, "locale_head_number" varchar, "locale_description" text, "questions_type_id" integer, "mandatory" boolean DEFAULT 0)[0m
  [1m[35m (0.0ms)[0m  [1m[35mDROP TABLE IF EXISTS "survey_sections"[0m
  [1m[35m (0.0ms)[0m  [1m[35mCREATE TABLE "survey_sections" ("id" integer PRIMARY KEY AUTOINCREMENT NOT NULL, "head_number" varchar, "name" varchar, "description" text, "survey_id" integer, "created_at" datetime(6) NOT NULL, "updated_at" datetime(6) NOT NULL, "locale_head_number" varchar, "locale_name" varchar, "locale_description" text)[0m
  [1m[35m (0.0ms)[0m  [1m[35mDROP TABLE IF EXISTS "survey_surveys"[0m
  [1m[35m (0.1ms)[0m  [1m[35mCREATE TABLE "survey_surveys" ("id" integer PRIMARY KEY AUTOINCREMENT NOT NULL, "name" varchar, "description" text, "attempts_number" integer DEFAULT 0, "finished" boolean DEFAULT 0, "active" boolean DEFAULT 1, "created_at" datetime(6) NOT NULL, "updated_at" datetime(6) NOT NULL, "locale_name" varchar, "locale_description" text)[0m
  [1m[35m (0.0ms)[0m  [1m[35mDROP TABLE IF EXISTS "users"[0m
  [1m[35m (0.0ms)[0m  [1m[35mCREATE TABLE "users" ("id" integer PRIMARY KEY AUTOINCREMENT NOT NULL, "name" varchar, "created_at" datetime(6) NOT NULL, "updated_at" datetime(6) NOT NULL)[0m
  [1m[35m (0.1ms)[0m  [1m[35mCREATE TABLE "schema_migrations" ("version" varchar NOT NULL PRIMARY KEY)[0m
  [1m[36mActiveRecord::SchemaMigration Load (0.0ms)[0m  [1m[34mSELECT "schema_migrations"."version" FROM "schema_migrations" ORDER BY "schema_migrations"."version" ASC[0m
  [1m[35m (0.0ms)[0m  [1m[32mINSERT INTO "schema_migrations" (version) VALUES (20240818185937)[0m
  [1m[35m (0.0ms)[0m  [1m[32mINSERT INTO "schema_migrations" (version) VALUES
(20240818185936),
(20240818185935),
(20240818185934),
(20240818185933),
(20240818185932),
(20240818185931),
(20240818184555);[0m
  [1m[35m (0.1ms)[0m  [1m[35mCREATE TABLE "ar_internal_metadata" ("key" varchar NOT NULL PRIMARY KEY, "value" varchar, "created_at" datetime(6) NOT NULL, "updated_at" datetime(6) NOT NULL)[0m
  [1m[36mActiveRecord::InternalMetadata Load (0.0ms)[0m  [1m[34mSELECT * FROM "ar_internal_metadata" WHERE "ar_internal_metadata"."key" = ? ORDER BY "ar_internal_metadata"."key" ASC LIMIT 1[0m  [[nil, "environment"]]
  [1m[36mActiveRecord::InternalMetadata Create (0.1ms)[0m  [1m[32mINSERT INTO "ar_internal_metadata" ("key", "value", "created_at", "updated_at") VALUES ('environment', 'development', '2024-08-18 19:04:22.302141', '2024-08-18 19:04:22.302143') RETURNING "key"[0m
  [1m[36mActiveRecord::InternalMetadata Load (0.0ms)[0m  [1m[34mSELECT * FROM "ar_internal_metadata" WHERE "ar_internal_metadata"."key" = ? ORDER BY "ar_internal_metadata"."key" ASC LIMIT 1[0m  [[nil, "environment"]]
  [1m[36mActiveRecord::InternalMetadata Update (0.0ms)[0m  [1m[33mUPDATE "ar_internal_metadata" SET "value" = 'test', "updated_at" = '2024-08-18 19:04:22.302742' WHERE "ar_internal_metadata"."key" = 'environment'[0m
  [1m[36mActiveRecord::InternalMetadata Load (0.0ms)[0m  [1m[34mSELECT * FROM "ar_internal_metadata" WHERE "ar_internal_metadata"."key" = ? ORDER BY "ar_internal_metadata"."key" ASC LIMIT 1[0m  [[nil, "schema_sha1"]]
  [1m[36mActiveRecord::InternalMetadata Create (0.0ms)[0m  [1m[32mINSERT INTO "ar_internal_metadata" ("key", "value", "created_at", "updated_at") VALUES ('schema_sha1', 'f902039f787c96aabe516a6c6bd0b5fc68b2fabe', '2024-08-18 19:04:22.303167', '2024-08-18 19:04:22.303168') RETURNING "key"[0m
  [1m[36mActiveRecord::SchemaMigration Load (0.0ms)[0m  [1m[34mSELECT "schema_migrations"."version" FROM "schema_migrations" ORDER BY "schema_migrations"."version" ASC[0m
  [1m[36mActiveRecord::InternalMetadata Load (0.4ms)[0m  [1m[34mSELECT * FROM "ar_internal_metadata" WHERE "ar_internal_metadata"."key" = ? ORDER BY "ar_internal_metadata"."key" ASC LIMIT 1[0m  [[nil, "schema_sha1"]]
  [1m[36mActiveRecord::SchemaMigration Load (0.0ms)[0m  [1m[34mSELECT "schema_migrations"."version" FROM "schema_migrations" ORDER BY "schema_migrations"."version" ASC[0m
  [1m[36mActiveRecord::InternalMetadata Load (0.0ms)[0m  [1m[34mSELECT * FROM "ar_internal_metadata" WHERE "ar_internal_metadata"."key" = ? ORDER BY "ar_internal_metadata"."key" ASC LIMIT 1[0m  [[nil, "environment"]]
  [1m[36mActiveRecord::SchemaMigration Load (0.0ms)[0m  [1m[34mSELECT "schema_migrations"."version" FROM "schema_migrations" ORDER BY "schema_migrations"."version" ASC[0m
  [1m[36mActiveRecord::InternalMetadata Load (0.0ms)[0m  [1m[34mSELECT * FROM "ar_internal_metadata" WHERE "ar_internal_metadata"."key" = ? ORDER BY "ar_internal_metadata"."key" ASC LIMIT 1[0m  [[nil, "environment"]]
  [1m[36mActiveRecord::SchemaMigration Load (0.0ms)[0m  [1m[34mSELECT "schema_migrations"."version" FROM "schema_migrations" ORDER BY "schema_migrations"."version" ASC[0m
  [1m[36mActiveRecord::InternalMetadata Load (0.0ms)[0m  [1m[34mSELECT * FROM "ar_internal_metadata" WHERE "ar_internal_metadata"."key" = ? ORDER BY "ar_internal_metadata"."key" ASC LIMIT 1[0m  [[nil, "environment"]]
  [1m[35m (0.1ms)[0m  [1m[35mDROP TABLE IF EXISTS "survey_answers"[0m
  [1m[35m (0.2ms)[0m  [1m[35mCREATE TABLE "survey_answers" ("id" integer PRIMARY KEY AUTOINCREMENT NOT NULL, "attempt_id" integer, "question_id" integer, "option_id" integer, "correct" boolean DEFAULT 0 NOT NULL, "created_at" datetime(6) NOT NULL, "updated_at" datetime(6) NOT NULL, "option_text" text, "option_number" integer, "predefined_value_id" integer)[0m
  [1m[35m (0.0ms)[0m  [1m[35mDROP TABLE IF EXISTS "survey_attempts"[0m
  [1m[35m (0.1ms)[0m  [1m[35mCREATE TABLE "survey_attempts" ("id" integer PRIMARY KEY AUTOINCREMENT NOT NULL, "participant_type" varchar, "participant_id" integer, "survey_id" integer, "winner" boolean DEFAULT 0 NOT NULL, "score" decimal, "created_at" datetime(6) NOT NULL, "updated_at" datetime(6) NOT NULL)[0m
  [1m[35m (0.0ms)[0m  [1m[35mCREATE INDEX "index_survey_attempts_on_participant" ON "survey_attempts" ("participant_type", "participant_id")[0m
  [1m[35m (0.0ms)[0m  [1m[35mDROP TABLE IF EXISTS "survey_options"[0m
  [1m[35m (0.1ms)[0m  [1m[35mCREATE TABLE "survey_options" ("id" integer PRIMARY KEY AUTOINCREMENT NOT NULL, "question_id" integer, "weight" integer DEFAULT 0, "text" varchar, "correct" boolean, "created_at" datetime(6) NOT NULL, "updated_at" datetime(6) NOT NULL, "locale_text" varchar, "options_type_id" integer, "head_number" varchar)[0m
  [1m[35m (0.0ms)[0m  [1m[35mDROP TABLE IF EXISTS "survey_predefined_values"[0m
  [1m[35m (0.1ms)[0m  [1m[35mCREATE TABLE "survey_predefined_values" ("id" integer PRIMARY KEY AUTOINCREMENT NOT NULL, "head_number" varchar, "name" varchar, "locale_name" varchar, "question_id" integer, "created_at" datetime(6) NOT NULL, "updated_at" datetime(6) NOT NULL)[0m
  [1m[35m (0.0ms)[0m  [1m[35mDROP TABLE IF EXISTS "survey_questions"[0m
  [1m[35m (0.1ms)[0m  [1m[35mCREATE TABLE "survey_questions" ("id" integer PRIMARY KEY AUTOINCREMENT NOT NULL, "text" varchar, "created_at" datetime(6) NOT NULL, "updated_at" datetime(6) NOT NULL, "section_id" integer, "head_number" varchar, "description" text, "locale_text" varchar, "locale_head_number" varchar, "locale_description" text, "questions_type_id" integer, "mandatory" boolean DEFAULT 0)[0m
  [1m[35m (0.0ms)[0m  [1m[35mDROP TABLE IF EXISTS "survey_sections"[0m
  [1m[35m (0.1ms)[0m  [1m[35mCREATE TABLE "survey_sections" ("id" integer PRIMARY KEY AUTOINCREMENT NOT NULL, "head_number" varchar, "name" varchar, "description" text, "survey_id" integer, "created_at" datetime(6) NOT NULL, "updated_at" datetime(6) NOT NULL, "locale_head_number" varchar, "locale_name" varchar, "locale_description" text)[0m
  [1m[35m (0.0ms)[0m  [1m[35mDROP TABLE IF EXISTS "survey_surveys"[0m
  [1m[35m (0.1ms)[0m  [1m[35mCREATE TABLE "survey_surveys" ("id" integer PRIMARY KEY AUTOINCREMENT NOT NULL, "name" varchar, "description" text, "attempts_number" integer DEFAULT 0, "finished" boolean DEFAULT 0, "active" boolean DEFAULT 1, "created_at" datetime(6) NOT NULL, "updated_at" datetime(6) NOT NULL, "locale_name" varchar, "locale_description" text)[0m
  [1m[35m (0.0ms)[0m  [1m[35mDROP TABLE IF EXISTS "users"[0m
  [1m[35m (0.0ms)[0m  [1m[35mCREATE TABLE "users" ("id" integer PRIMARY KEY AUTOINCREMENT NOT NULL, "name" varchar, "created_at" datetime(6) NOT NULL, "updated_at" datetime(6) NOT NULL)[0m
  [1m[35m (0.1ms)[0m  [1m[35mCREATE TABLE "schema_migrations" ("version" varchar NOT NULL PRIMARY KEY)[0m
  [1m[36mActiveRecord::SchemaMigration Load (0.0ms)[0m  [1m[34mSELECT "schema_migrations"."version" FROM "schema_migrations" ORDER BY "schema_migrations"."version" ASC[0m
  [1m[35m (0.0ms)[0m  [1m[32mINSERT INTO "schema_migrations" (version) VALUES (20240818185937)[0m
  [1m[35m (0.0ms)[0m  [1m[32mINSERT INTO "schema_migrations" (version) VALUES
(20240818185936),
(20240818185935),
(20240818185934),
(20240818185933),
(20240818185932),
(20240818185931),
(20240818184555);[0m
  [1m[35m (0.1ms)[0m  [1m[35mCREATE TABLE "ar_internal_metadata" ("key" varchar NOT NULL PRIMARY KEY, "value" varchar, "created_at" datetime(6) NOT NULL, "updated_at" datetime(6) NOT NULL)[0m
  [1m[36mActiveRecord::InternalMetadata Load (0.0ms)[0m  [1m[34mSELECT * FROM "ar_internal_metadata" WHERE "ar_internal_metadata"."key" = ? ORDER BY "ar_internal_metadata"."key" ASC LIMIT 1[0m  [[nil, "environment"]]
  [1m[36mActiveRecord::InternalMetadata Create (0.1ms)[0m  [1m[32mINSERT INTO "ar_internal_metadata" ("key", "value", "created_at", "updated_at") VALUES ('environment', 'development', '2024-08-18 19:04:23.494496', '2024-08-18 19:04:23.494498') RETURNING "key"[0m
  [1m[36mActiveRecord::InternalMetadata Load (0.0ms)[0m  [1m[34mSELECT * FROM "ar_internal_metadata" WHERE "ar_internal_metadata"."key" = ? ORDER BY "ar_internal_metadata"."key" ASC LIMIT 1[0m  [[nil, "environment"]]
  [1m[36mActiveRecord::InternalMetadata Update (0.0ms)[0m  [1m[33mUPDATE "ar_internal_metadata" SET "value" = 'test', "updated_at" = '2024-08-18 19:04:23.495065' WHERE "ar_internal_metadata"."key" = 'environment'[0m
  [1m[36mActiveRecord::InternalMetadata Load (0.0ms)[0m  [1m[34mSELECT * FROM "ar_internal_metadata" WHERE "ar_internal_metadata"."key" = ? ORDER BY "ar_internal_metadata"."key" ASC LIMIT 1[0m  [[nil, "schema_sha1"]]
  [1m[36mActiveRecord::InternalMetadata Create (0.0ms)[0m  [1m[32mINSERT INTO "ar_internal_metadata" ("key", "value", "created_at", "updated_at") VALUES ('schema_sha1', 'f902039f787c96aabe516a6c6bd0b5fc68b2fabe', '2024-08-18 19:04:23.495483', '2024-08-18 19:04:23.495484') RETURNING "key"[0m
  [1m[36mActiveRecord::SchemaMigration Load (0.0ms)[0m  [1m[34mSELECT "schema_migrations"."version" FROM "schema_migrations" ORDER BY "schema_migrations"."version" ASC[0m
  [1m[36mActiveRecord::InternalMetadata Load (0.0ms)[0m  [1m[34mSELECT * FROM "ar_internal_metadata" WHERE "ar_internal_metadata"."key" = ? ORDER BY "ar_internal_metadata"."key" ASC LIMIT 1[0m  [[nil, "schema_sha1"]]
  [1m[36mActiveRecord::SchemaMigration Load (0.0ms)[0m  [1m[34mSELECT "schema_migrations"."version" FROM "schema_migrations" ORDER BY "schema_migrations"."version" ASC[0m
  [1m[36mActiveRecord::InternalMetadata Load (0.0ms)[0m  [1m[34mSELECT * FROM "ar_internal_metadata" WHERE "ar_internal_metadata"."key" = ? ORDER BY "ar_internal_metadata"."key" ASC LIMIT 1[0m  [[nil, "environment"]]
  [1m[36mActiveRecord::SchemaMigration Load (0.0ms)[0m  [1m[34mSELECT "schema_migrations"."version" FROM "schema_migrations" ORDER BY "schema_migrations"."version" ASC[0m
  [1m[36mActiveRecord::InternalMetadata Load (0.0ms)[0m  [1m[34mSELECT * FROM "ar_internal_metadata" WHERE "ar_internal_metadata"."key" = ? ORDER BY "ar_internal_metadata"."key" ASC LIMIT 1[0m  [[nil, "environment"]]
  [1m[36mActiveRecord::SchemaMigration Load (0.0ms)[0m  [1m[34mSELECT "schema_migrations"."version" FROM "schema_migrations" ORDER BY "schema_migrations"."version" ASC[0m
  [1m[36mActiveRecord::InternalMetadata Load (0.0ms)[0m  [1m[34mSELECT * FROM "ar_internal_metadata" WHERE "ar_internal_metadata"."key" = ? ORDER BY "ar_internal_metadata"."key" ASC LIMIT 1[0m  [[nil, "environment"]]
  [1m[35m (0.1ms)[0m  [1m[35mDROP TABLE IF EXISTS "survey_answers"[0m
  [1m[35m (0.2ms)[0m  [1m[35mCREATE TABLE "survey_answers" ("id" integer PRIMARY KEY AUTOINCREMENT NOT NULL, "attempt_id" integer, "question_id" integer, "option_id" integer, "correct" boolean DEFAULT 0 NOT NULL, "created_at" datetime(6) NOT NULL, "updated_at" datetime(6) NOT NULL, "option_text" text, "option_number" integer, "predefined_value_id" integer)[0m
  [1m[35m (0.0ms)[0m  [1m[35mDROP TABLE IF EXISTS "survey_attempts"[0m
  [1m[35m (0.1ms)[0m  [1m[35mCREATE TABLE "survey_attempts" ("id" integer PRIMARY KEY AUTOINCREMENT NOT NULL, "participant_type" varchar, "participant_id" integer, "survey_id" integer, "winner" boolean DEFAULT 0 NOT NULL, "score" decimal, "created_at" datetime(6) NOT NULL, "updated_at" datetime(6) NOT NULL)[0m
  [1m[35m (0.0ms)[0m  [1m[35mCREATE INDEX "index_survey_attempts_on_participant" ON "survey_attempts" ("participant_type", "participant_id")[0m
  [1m[35m (0.0ms)[0m  [1m[35mDROP TABLE IF EXISTS "survey_options"[0m
  [1m[35m (0.1ms)[0m  [1m[35mCREATE TABLE "survey_options" ("id" integer PRIMARY KEY AUTOINCREMENT NOT NULL, "question_id" integer, "weight" integer DEFAULT 0, "text" varchar, "correct" boolean, "created_at" datetime(6) NOT NULL, "updated_at" datetime(6) NOT NULL, "locale_text" varchar, "options_type_id" integer, "head_number" varchar)[0m
  [1m[35m (0.0ms)[0m  [1m[35mDROP TABLE IF EXISTS "survey_predefined_values"[0m
  [1m[35m (0.1ms)[0m  [1m[35mCREATE TABLE "survey_predefined_values" ("id" integer PRIMARY KEY AUTOINCREMENT NOT NULL, "head_number" varchar, "name" varchar, "locale_name" varchar, "question_id" integer, "created_at" datetime(6) NOT NULL, "updated_at" datetime(6) NOT NULL)[0m
  [1m[35m (0.0ms)[0m  [1m[35mDROP TABLE IF EXISTS "survey_questions"[0m
  [1m[35m (0.1ms)[0m  [1m[35mCREATE TABLE "survey_questions" ("id" integer PRIMARY KEY AUTOINCREMENT NOT NULL, "text" varchar, "created_at" datetime(6) NOT NULL, "updated_at" datetime(6) NOT NULL, "section_id" integer, "head_number" varchar, "description" text, "locale_text" varchar, "locale_head_number" varchar, "locale_description" text, "questions_type_id" integer, "mandatory" boolean DEFAULT 0)[0m
  [1m[35m (0.0ms)[0m  [1m[35mDROP TABLE IF EXISTS "survey_sections"[0m
  [1m[35m (0.1ms)[0m  [1m[35mCREATE TABLE "survey_sections" ("id" integer PRIMARY KEY AUTOINCREMENT NOT NULL, "head_number" varchar, "name" varchar, "description" text, "survey_id" integer, "created_at" datetime(6) NOT NULL, "updated_at" datetime(6) NOT NULL, "locale_head_number" varchar, "locale_name" varchar, "locale_description" text)[0m
  [1m[35m (0.0ms)[0m  [1m[35mDROP TABLE IF EXISTS "survey_surveys"[0m
  [1m[35m (0.1ms)[0m  [1m[35mCREATE TABLE "survey_surveys" ("id" integer PRIMARY KEY AUTOINCREMENT NOT NULL, "name" varchar, "description" text, "attempts_number" integer DEFAULT 0, "finished" boolean DEFAULT 0, "active" boolean DEFAULT 1, "created_at" datetime(6) NOT NULL, "updated_at" datetime(6) NOT NULL, "locale_name" varchar, "locale_description" text)[0m
  [1m[35m (0.0ms)[0m  [1m[35mDROP TABLE IF EXISTS "users"[0m
  [1m[35m (0.0ms)[0m  [1m[35mCREATE TABLE "users" ("id" integer PRIMARY KEY AUTOINCREMENT NOT NULL, "name" varchar, "created_at" datetime(6) NOT NULL, "updated_at" datetime(6) NOT NULL)[0m
  [1m[35m (0.1ms)[0m  [1m[35mCREATE TABLE "schema_migrations" ("version" varchar NOT NULL PRIMARY KEY)[0m
  [1m[36mActiveRecord::SchemaMigration Load (0.0ms)[0m  [1m[34mSELECT "schema_migrations"."version" FROM "schema_migrations" ORDER BY "schema_migrations"."version" ASC[0m
  [1m[35m (0.0ms)[0m  [1m[32mINSERT INTO "schema_migrations" (version) VALUES (20240818185937)[0m
  [1m[35m (0.0ms)[0m  [1m[32mINSERT INTO "schema_migrations" (version) VALUES
(20240818185936),
(20240818185935),
(20240818185934),
(20240818185933),
(20240818185932),
(20240818185931),
(20240818184555);[0m
  [1m[35m (0.1ms)[0m  [1m[35mCREATE TABLE "ar_internal_metadata" ("key" varchar NOT NULL PRIMARY KEY, "value" varchar, "created_at" datetime(6) NOT NULL, "updated_at" datetime(6) NOT NULL)[0m
  [1m[36mActiveRecord::InternalMetadata Load (0.0ms)[0m  [1m[34mSELECT * FROM "ar_internal_metadata" WHERE "ar_internal_metadata"."key" = ? ORDER BY "ar_internal_metadata"."key" ASC LIMIT 1[0m  [[nil, "environment"]]
  [1m[36mActiveRecord::InternalMetadata Create (0.0ms)[0m  [1m[32mINSERT INTO "ar_internal_metadata" ("key", "value", "created_at", "updated_at") VALUES ('environment', 'development', '2024-08-18 19:04:43.311332', '2024-08-18 19:04:43.311334') RETURNING "key"[0m
  [1m[36mActiveRecord::InternalMetadata Load (0.0ms)[0m  [1m[34mSELECT * FROM "ar_internal_metadata" WHERE "ar_internal_metadata"."key" = ? ORDER BY "ar_internal_metadata"."key" ASC LIMIT 1[0m  [[nil, "environment"]]
  [1m[36mActiveRecord::InternalMetadata Update (0.0ms)[0m  [1m[33mUPDATE "ar_internal_metadata" SET "value" = 'test', "updated_at" = '2024-08-18 19:04:43.311874' WHERE "ar_internal_metadata"."key" = 'environment'[0m
  [1m[36mActiveRecord::InternalMetadata Load (0.0ms)[0m  [1m[34mSELECT * FROM "ar_internal_metadata" WHERE "ar_internal_metadata"."key" = ? ORDER BY "ar_internal_metadata"."key" ASC LIMIT 1[0m  [[nil, "schema_sha1"]]
  [1m[36mActiveRecord::InternalMetadata Create (0.0ms)[0m  [1m[32mINSERT INTO "ar_internal_metadata" ("key", "value", "created_at", "updated_at") VALUES ('schema_sha1', 'f902039f787c96aabe516a6c6bd0b5fc68b2fabe', '2024-08-18 19:04:43.312321', '2024-08-18 19:04:43.312322') RETURNING "key"[0m
  [1m[36mActiveRecord::SchemaMigration Load (0.0ms)[0m  [1m[34mSELECT "schema_migrations"."version" FROM "schema_migrations" ORDER BY "schema_migrations"."version" ASC[0m
  [1m[36mTRANSACTION (0.0ms)[0m  [1m[36mbegin transaction[0m
  [1m[36mUser Create (0.5ms)[0m  [1m[32mINSERT INTO "users" ("name", "created_at", "updated_at") VALUES (?, ?, ?) RETURNING "id"[0m  [["name", "Pablo Schulist VM"], ["created_at", "2024-08-18 19:04:43.815941"], ["updated_at", "2024-08-18 19:04:43.815941"]]
  [1m[36mTRANSACTION (0.2ms)[0m  [1m[36mcommit transaction[0m
  [1m[36mTRANSACTION (0.0ms)[0m  [1m[36mbegin transaction[0m
  [1m[36mUser Create (0.3ms)[0m  [1m[32mINSERT INTO "users" ("name", "created_at", "updated_at") VALUES (?, ?, ?) RETURNING "id"[0m  [["name", "Elmer Hessel"], ["created_at", "2024-08-18 19:04:43.817815"], ["updated_at", "2024-08-18 19:04:43.817815"]]
  [1m[36mTRANSACTION (0.0ms)[0m  [1m[36mcommit transaction[0m
  [1m[36mActiveRecord::InternalMetadata Load (0.0ms)[0m  [1m[34mSELECT * FROM "ar_internal_metadata" WHERE "ar_internal_metadata"."key" = ? ORDER BY "ar_internal_metadata"."key" ASC LIMIT 1[0m  [[nil, "schema_sha1"]]
  [1m[36mActiveRecord::SchemaMigration Load (0.0ms)[0m  [1m[34mSELECT "schema_migrations"."version" FROM "schema_migrations" ORDER BY "schema_migrations"."version" ASC[0m
  [1m[36mActiveRecord::InternalMetadata Load (0.0ms)[0m  [1m[34mSELECT * FROM "ar_internal_metadata" WHERE "ar_internal_metadata"."key" = ? ORDER BY "ar_internal_metadata"."key" ASC LIMIT 1[0m  [[nil, "environment"]]
  [1m[36mActiveRecord::SchemaMigration Load (0.0ms)[0m  [1m[34mSELECT "schema_migrations"."version" FROM "schema_migrations" ORDER BY "schema_migrations"."version" ASC[0m
  [1m[36mActiveRecord::InternalMetadata Load (0.0ms)[0m  [1m[34mSELECT * FROM "ar_internal_metadata" WHERE "ar_internal_metadata"."key" = ? ORDER BY "ar_internal_metadata"."key" ASC LIMIT 1[0m  [[nil, "environment"]]
  [1m[36mActiveRecord::SchemaMigration Load (0.0ms)[0m  [1m[34mSELECT "schema_migrations"."version" FROM "schema_migrations" ORDER BY "schema_migrations"."version" ASC[0m
  [1m[36mActiveRecord::InternalMetadata Load (0.0ms)[0m  [1m[34mSELECT * FROM "ar_internal_metadata" WHERE "ar_internal_metadata"."key" = ? ORDER BY "ar_internal_metadata"."key" ASC LIMIT 1[0m  [[nil, "environment"]]
  [1m[35m (0.1ms)[0m  [1m[35mDROP TABLE IF EXISTS "survey_answers"[0m
  [1m[35m (0.2ms)[0m  [1m[35mCREATE TABLE "survey_answers" ("id" integer PRIMARY KEY AUTOINCREMENT NOT NULL, "attempt_id" integer, "question_id" integer, "option_id" integer, "correct" boolean DEFAULT 0 NOT NULL, "created_at" datetime(6) NOT NULL, "updated_at" datetime(6) NOT NULL, "option_text" text, "option_number" integer, "predefined_value_id" integer)[0m
  [1m[35m (0.0ms)[0m  [1m[35mDROP TABLE IF EXISTS "survey_attempts"[0m
  [1m[35m (0.1ms)[0m  [1m[35mCREATE TABLE "survey_attempts" ("id" integer PRIMARY KEY AUTOINCREMENT NOT NULL, "participant_type" varchar, "participant_id" integer, "survey_id" integer, "winner" boolean DEFAULT 0 NOT NULL, "score" decimal, "created_at" datetime(6) NOT NULL, "updated_at" datetime(6) NOT NULL)[0m
  [1m[35m (0.1ms)[0m  [1m[35mCREATE INDEX "index_survey_attempts_on_participant" ON "survey_attempts" ("participant_type", "participant_id")[0m
  [1m[35m (0.0ms)[0m  [1m[35mDROP TABLE IF EXISTS "survey_options"[0m
  [1m[35m (0.1ms)[0m  [1m[35mCREATE TABLE "survey_options" ("id" integer PRIMARY KEY AUTOINCREMENT NOT NULL, "question_id" integer, "weight" integer DEFAULT 0, "text" varchar, "correct" boolean, "created_at" datetime(6) NOT NULL, "updated_at" datetime(6) NOT NULL, "locale_text" varchar, "options_type_id" integer, "head_number" varchar)[0m
  [1m[35m (0.0ms)[0m  [1m[35mDROP TABLE IF EXISTS "survey_predefined_values"[0m
  [1m[35m (0.1ms)[0m  [1m[35mCREATE TABLE "survey_predefined_values" ("id" integer PRIMARY KEY AUTOINCREMENT NOT NULL, "head_number" varchar, "name" varchar, "locale_name" varchar, "question_id" integer, "created_at" datetime(6) NOT NULL, "updated_at" datetime(6) NOT NULL)[0m
  [1m[35m (0.0ms)[0m  [1m[35mDROP TABLE IF EXISTS "survey_questions"[0m
  [1m[35m (0.1ms)[0m  [1m[35mCREATE TABLE "survey_questions" ("id" integer PRIMARY KEY AUTOINCREMENT NOT NULL, "text" varchar, "created_at" datetime(6) NOT NULL, "updated_at" datetime(6) NOT NULL, "section_id" integer, "head_number" varchar, "description" text, "locale_text" varchar, "locale_head_number" varchar, "locale_description" text, "questions_type_id" integer, "mandatory" boolean DEFAULT 0)[0m
  [1m[35m (0.0ms)[0m  [1m[35mDROP TABLE IF EXISTS "survey_sections"[0m
  [1m[35m (0.1ms)[0m  [1m[35mCREATE TABLE "survey_sections" ("id" integer PRIMARY KEY AUTOINCREMENT NOT NULL, "head_number" varchar, "name" varchar, "description" text, "survey_id" integer, "created_at" datetime(6) NOT NULL, "updated_at" datetime(6) NOT NULL, "locale_head_number" varchar, "locale_name" varchar, "locale_description" text)[0m
  [1m[35m (0.0ms)[0m  [1m[35mDROP TABLE IF EXISTS "survey_surveys"[0m
  [1m[35m (0.1ms)[0m  [1m[35mCREATE TABLE "survey_surveys" ("id" integer PRIMARY KEY AUTOINCREMENT NOT NULL, "name" varchar, "description" text, "attempts_number" integer DEFAULT 0, "finished" boolean DEFAULT 0, "active" boolean DEFAULT 1, "created_at" datetime(6) NOT NULL, "updated_at" datetime(6) NOT NULL, "locale_name" varchar, "locale_description" text)[0m
  [1m[35m (0.0ms)[0m  [1m[35mDROP TABLE IF EXISTS "users"[0m
  [1m[35m (0.0ms)[0m  [1m[35mCREATE TABLE "users" ("id" integer PRIMARY KEY AUTOINCREMENT NOT NULL, "name" varchar, "created_at" datetime(6) NOT NULL, "updated_at" datetime(6) NOT NULL)[0m
  [1m[35m (0.1ms)[0m  [1m[35mCREATE TABLE "schema_migrations" ("version" varchar NOT NULL PRIMARY KEY)[0m
  [1m[36mActiveRecord::SchemaMigration Load (0.0ms)[0m  [1m[34mSELECT "schema_migrations"."version" FROM "schema_migrations" ORDER BY "schema_migrations"."version" ASC[0m
  [1m[35m (0.0ms)[0m  [1m[32mINSERT INTO "schema_migrations" (version) VALUES (20240818185937)[0m
  [1m[35m (0.0ms)[0m  [1m[32mINSERT INTO "schema_migrations" (version) VALUES
(20240818185936),
(20240818185935),
(20240818185934),
(20240818185933),
(20240818185932),
(20240818185931),
(20240818184555);[0m
  [1m[35m (0.1ms)[0m  [1m[35mCREATE TABLE "ar_internal_metadata" ("key" varchar NOT NULL PRIMARY KEY, "value" varchar, "created_at" datetime(6) NOT NULL, "updated_at" datetime(6) NOT NULL)[0m
  [1m[36mActiveRecord::InternalMetadata Load (0.0ms)[0m  [1m[34mSELECT * FROM "ar_internal_metadata" WHERE "ar_internal_metadata"."key" = ? ORDER BY "ar_internal_metadata"."key" ASC LIMIT 1[0m  [[nil, "environment"]]
  [1m[36mActiveRecord::InternalMetadata Create (0.0ms)[0m  [1m[32mINSERT INTO "ar_internal_metadata" ("key", "value", "created_at", "updated_at") VALUES ('environment', 'development', '2024-08-18 19:05:26.995208', '2024-08-18 19:05:26.995210') RETURNING "key"[0m
  [1m[36mActiveRecord::InternalMetadata Load (0.0ms)[0m  [1m[34mSELECT * FROM "ar_internal_metadata" WHERE "ar_internal_metadata"."key" = ? ORDER BY "ar_internal_metadata"."key" ASC LIMIT 1[0m  [[nil, "environment"]]
  [1m[36mActiveRecord::InternalMetadata Update (0.0ms)[0m  [1m[33mUPDATE "ar_internal_metadata" SET "value" = 'test', "updated_at" = '2024-08-18 19:05:26.995798' WHERE "ar_internal_metadata"."key" = 'environment'[0m
  [1m[36mActiveRecord::InternalMetadata Load (0.0ms)[0m  [1m[34mSELECT * FROM "ar_internal_metadata" WHERE "ar_internal_metadata"."key" = ? ORDER BY "ar_internal_metadata"."key" ASC LIMIT 1[0m  [[nil, "schema_sha1"]]
  [1m[36mActiveRecord::InternalMetadata Create (0.0ms)[0m  [1m[32mINSERT INTO "ar_internal_metadata" ("key", "value", "created_at", "updated_at") VALUES ('schema_sha1', 'f902039f787c96aabe516a6c6bd0b5fc68b2fabe', '2024-08-18 19:05:26.996213', '2024-08-18 19:05:26.996213') RETURNING "key"[0m
  [1m[36mActiveRecord::SchemaMigration Load (0.0ms)[0m  [1m[34mSELECT "schema_migrations"."version" FROM "schema_migrations" ORDER BY "schema_migrations"."version" ASC[0m
  [1m[36mTRANSACTION (0.0ms)[0m  [1m[36mbegin transaction[0m
  [1m[36mUser Create (0.6ms)[0m  [1m[32mINSERT INTO "users" ("name", "created_at", "updated_at") VALUES (?, ?, ?) RETURNING "id"[0m  [["name", "Miriam Brown"], ["created_at", "2024-08-18 19:05:27.500082"], ["updated_at", "2024-08-18 19:05:27.500082"]]
  [1m[36mTRANSACTION (0.2ms)[0m  [1m[36mcommit transaction[0m
  [1m[36mTRANSACTION (0.0ms)[0m  [1m[36mbegin transaction[0m
  [1m[36mUser Create (0.4ms)[0m  [1m[32mINSERT INTO "users" ("name", "created_at", "updated_at") VALUES (?, ?, ?) RETURNING "id"[0m  [["name", "Coral Weber"], ["created_at", "2024-08-18 19:05:27.502135"], ["updated_at", "2024-08-18 19:05:27.502135"]]
  [1m[36mTRANSACTION (0.0ms)[0m  [1m[36mcommit transaction[0m
  [1m[36mActiveRecord::InternalMetadata Load (0.1ms)[0m  [1m[34mSELECT * FROM "ar_internal_metadata" WHERE "ar_internal_metadata"."key" = ? ORDER BY "ar_internal_metadata"."key" ASC LIMIT 1[0m  [[nil, "schema_sha1"]]
  [1m[36mActiveRecord::SchemaMigration Load (0.0ms)[0m  [1m[34mSELECT "schema_migrations"."version" FROM "schema_migrations" ORDER BY "schema_migrations"."version" ASC[0m
  [1m[36mActiveRecord::InternalMetadata Load (0.0ms)[0m  [1m[34mSELECT * FROM "ar_internal_metadata" WHERE "ar_internal_metadata"."key" = ? ORDER BY "ar_internal_metadata"."key" ASC LIMIT 1[0m  [[nil, "environment"]]
  [1m[36mActiveRecord::SchemaMigration Load (0.0ms)[0m  [1m[34mSELECT "schema_migrations"."version" FROM "schema_migrations" ORDER BY "schema_migrations"."version" ASC[0m
  [1m[36mActiveRecord::InternalMetadata Load (0.0ms)[0m  [1m[34mSELECT * FROM "ar_internal_metadata" WHERE "ar_internal_metadata"."key" = ? ORDER BY "ar_internal_metadata"."key" ASC LIMIT 1[0m  [[nil, "environment"]]
  [1m[36mActiveRecord::SchemaMigration Load (0.0ms)[0m  [1m[34mSELECT "schema_migrations"."version" FROM "schema_migrations" ORDER BY "schema_migrations"."version" ASC[0m
  [1m[36mActiveRecord::InternalMetadata Load (0.0ms)[0m  [1m[34mSELECT * FROM "ar_internal_metadata" WHERE "ar_internal_metadata"."key" = ? ORDER BY "ar_internal_metadata"."key" ASC LIMIT 1[0m  [[nil, "environment"]]
  [1m[35m (0.1ms)[0m  [1m[35mDROP TABLE IF EXISTS "survey_answers"[0m
  [1m[35m (0.8ms)[0m  [1m[35mCREATE TABLE "survey_answers" ("id" integer PRIMARY KEY AUTOINCREMENT NOT NULL, "attempt_id" integer, "question_id" integer, "option_id" integer, "correct" boolean DEFAULT 0 NOT NULL, "created_at" datetime(6) NOT NULL, "updated_at" datetime(6) NOT NULL, "option_text" text, "option_number" integer, "predefined_value_id" integer)[0m
  [1m[35m (0.0ms)[0m  [1m[35mDROP TABLE IF EXISTS "survey_attempts"[0m
  [1m[35m (0.1ms)[0m  [1m[35mCREATE TABLE "survey_attempts" ("id" integer PRIMARY KEY AUTOINCREMENT NOT NULL, "participant_type" varchar, "participant_id" integer, "survey_id" integer, "winner" boolean DEFAULT 0 NOT NULL, "score" decimal, "created_at" datetime(6) NOT NULL, "updated_at" datetime(6) NOT NULL)[0m
  [1m[35m (0.1ms)[0m  [1m[35mCREATE INDEX "index_survey_attempts_on_participant" ON "survey_attempts" ("participant_type", "participant_id")[0m
  [1m[35m (0.0ms)[0m  [1m[35mDROP TABLE IF EXISTS "survey_options"[0m
  [1m[35m (0.1ms)[0m  [1m[35mCREATE TABLE "survey_options" ("id" integer PRIMARY KEY AUTOINCREMENT NOT NULL, "question_id" integer, "weight" integer DEFAULT 0, "text" varchar, "correct" boolean, "created_at" datetime(6) NOT NULL, "updated_at" datetime(6) NOT NULL, "locale_text" varchar, "options_type_id" integer, "head_number" varchar)[0m
  [1m[35m (0.0ms)[0m  [1m[35mDROP TABLE IF EXISTS "survey_predefined_values"[0m
  [1m[35m (0.1ms)[0m  [1m[35mCREATE TABLE "survey_predefined_values" ("id" integer PRIMARY KEY AUTOINCREMENT NOT NULL, "head_number" varchar, "name" varchar, "locale_name" varchar, "question_id" integer, "created_at" datetime(6) NOT NULL, "updated_at" datetime(6) NOT NULL)[0m
  [1m[35m (0.0ms)[0m  [1m[35mDROP TABLE IF EXISTS "survey_questions"[0m
  [1m[35m (0.1ms)[0m  [1m[35mCREATE TABLE "survey_questions" ("id" integer PRIMARY KEY AUTOINCREMENT NOT NULL, "text" varchar, "created_at" datetime(6) NOT NULL, "updated_at" datetime(6) NOT NULL, "section_id" integer, "head_number" varchar, "description" text, "locale_text" varchar, "locale_head_number" varchar, "locale_description" text, "questions_type_id" integer, "mandatory" boolean DEFAULT 0)[0m
  [1m[35m (0.0ms)[0m  [1m[35mDROP TABLE IF EXISTS "survey_sections"[0m
  [1m[35m (0.0ms)[0m  [1m[35mCREATE TABLE "survey_sections" ("id" integer PRIMARY KEY AUTOINCREMENT NOT NULL, "head_number" varchar, "name" varchar, "description" text, "survey_id" integer, "created_at" datetime(6) NOT NULL, "updated_at" datetime(6) NOT NULL, "locale_head_number" varchar, "locale_name" varchar, "locale_description" text)[0m
  [1m[35m (0.0ms)[0m  [1m[35mDROP TABLE IF EXISTS "survey_surveys"[0m
  [1m[35m (0.1ms)[0m  [1m[35mCREATE TABLE "survey_surveys" ("id" integer PRIMARY KEY AUTOINCREMENT NOT NULL, "name" varchar, "description" text, "attempts_number" integer DEFAULT 0, "finished" boolean DEFAULT 0, "active" boolean DEFAULT 1, "created_at" datetime(6) NOT NULL, "updated_at" datetime(6) NOT NULL, "locale_name" varchar, "locale_description" text)[0m
  [1m[35m (0.0ms)[0m  [1m[35mDROP TABLE IF EXISTS "users"[0m
  [1m[35m (0.0ms)[0m  [1m[35mCREATE TABLE "users" ("id" integer PRIMARY KEY AUTOINCREMENT NOT NULL, "name" varchar, "created_at" datetime(6) NOT NULL, "updated_at" datetime(6) NOT NULL)[0m
  [1m[35m (0.1ms)[0m  [1m[35mCREATE TABLE "schema_migrations" ("version" varchar NOT NULL PRIMARY KEY)[0m
  [1m[36mActiveRecord::SchemaMigration Load (0.0ms)[0m  [1m[34mSELECT "schema_migrations"."version" FROM "schema_migrations" ORDER BY "schema_migrations"."version" ASC[0m
  [1m[35m (0.0ms)[0m  [1m[32mINSERT INTO "schema_migrations" (version) VALUES (20240818185937)[0m
  [1m[35m (0.0ms)[0m  [1m[32mINSERT INTO "schema_migrations" (version) VALUES
(20240818185936),
(20240818185935),
(20240818185934),
(20240818185933),
(20240818185932),
(20240818185931),
(20240818184555);[0m
  [1m[35m (0.1ms)[0m  [1m[35mCREATE TABLE "ar_internal_metadata" ("key" varchar NOT NULL PRIMARY KEY, "value" varchar, "created_at" datetime(6) NOT NULL, "updated_at" datetime(6) NOT NULL)[0m
  [1m[36mActiveRecord::InternalMetadata Load (0.0ms)[0m  [1m[34mSELECT * FROM "ar_internal_metadata" WHERE "ar_internal_metadata"."key" = ? ORDER BY "ar_internal_metadata"."key" ASC LIMIT 1[0m  [[nil, "environment"]]
  [1m[36mActiveRecord::InternalMetadata Create (0.0ms)[0m  [1m[32mINSERT INTO "ar_internal_metadata" ("key", "value", "created_at", "updated_at") VALUES ('environment', 'development', '2024-08-18 19:06:56.021455', '2024-08-18 19:06:56.021457') RETURNING "key"[0m
  [1m[36mActiveRecord::InternalMetadata Load (0.0ms)[0m  [1m[34mSELECT * FROM "ar_internal_metadata" WHERE "ar_internal_metadata"."key" = ? ORDER BY "ar_internal_metadata"."key" ASC LIMIT 1[0m  [[nil, "environment"]]
  [1m[36mActiveRecord::InternalMetadata Update (0.0ms)[0m  [1m[33mUPDATE "ar_internal_metadata" SET "value" = 'test', "updated_at" = '2024-08-18 19:06:56.022009' WHERE "ar_internal_metadata"."key" = 'environment'[0m
  [1m[36mActiveRecord::InternalMetadata Load (0.0ms)[0m  [1m[34mSELECT * FROM "ar_internal_metadata" WHERE "ar_internal_metadata"."key" = ? ORDER BY "ar_internal_metadata"."key" ASC LIMIT 1[0m  [[nil, "schema_sha1"]]
  [1m[36mActiveRecord::InternalMetadata Create (0.0ms)[0m  [1m[32mINSERT INTO "ar_internal_metadata" ("key", "value", "created_at", "updated_at") VALUES ('schema_sha1', 'f902039f787c96aabe516a6c6bd0b5fc68b2fabe', '2024-08-18 19:06:56.022465', '2024-08-18 19:06:56.022465') RETURNING "key"[0m
  [1m[36mActiveRecord::SchemaMigration Load (0.0ms)[0m  [1m[34mSELECT "schema_migrations"."version" FROM "schema_migrations" ORDER BY "schema_migrations"."version" ASC[0m
  [1m[36mTRANSACTION (0.0ms)[0m  [1m[36mbegin transaction[0m
  [1m[36mUser Create (0.5ms)[0m  [1m[32mINSERT INTO "users" ("name", "created_at", "updated_at") VALUES (?, ?, ?) RETURNING "id"[0m  [["name", "Clyde Nitzsche"], ["created_at", "2024-08-18 19:06:56.528816"], ["updated_at", "2024-08-18 19:06:56.528816"]]
  [1m[36mTRANSACTION (0.1ms)[0m  [1m[36mcommit transaction[0m
  [1m[36mTRANSACTION (0.0ms)[0m  [1m[36mbegin transaction[0m
  [1m[36mUser Create (0.4ms)[0m  [1m[32mINSERT INTO "users" ("name", "created_at", "updated_at") VALUES (?, ?, ?) RETURNING "id"[0m  [["name", "Garland Leannon"], ["created_at", "2024-08-18 19:06:56.530750"], ["updated_at", "2024-08-18 19:06:56.530750"]]
  [1m[36mTRANSACTION (0.0ms)[0m  [1m[36mcommit transaction[0m
  [1m[36mActiveRecord::InternalMetadata Load (0.0ms)[0m  [1m[34mSELECT * FROM "ar_internal_metadata" WHERE "ar_internal_metadata"."key" = ? ORDER BY "ar_internal_metadata"."key" ASC LIMIT 1[0m  [[nil, "schema_sha1"]]
  [1m[36mActiveRecord::SchemaMigration Load (0.0ms)[0m  [1m[34mSELECT "schema_migrations"."version" FROM "schema_migrations" ORDER BY "schema_migrations"."version" ASC[0m
  [1m[36mActiveRecord::InternalMetadata Load (0.0ms)[0m  [1m[34mSELECT * FROM "ar_internal_metadata" WHERE "ar_internal_metadata"."key" = ? ORDER BY "ar_internal_metadata"."key" ASC LIMIT 1[0m  [[nil, "environment"]]
  [1m[36mActiveRecord::SchemaMigration Load (0.0ms)[0m  [1m[34mSELECT "schema_migrations"."version" FROM "schema_migrations" ORDER BY "schema_migrations"."version" ASC[0m
  [1m[36mActiveRecord::InternalMetadata Load (0.0ms)[0m  [1m[34mSELECT * FROM "ar_internal_metadata" WHERE "ar_internal_metadata"."key" = ? ORDER BY "ar_internal_metadata"."key" ASC LIMIT 1[0m  [[nil, "environment"]]
  [1m[36mActiveRecord::SchemaMigration Load (0.0ms)[0m  [1m[34mSELECT "schema_migrations"."version" FROM "schema_migrations" ORDER BY "schema_migrations"."version" ASC[0m
  [1m[36mActiveRecord::InternalMetadata Load (0.0ms)[0m  [1m[34mSELECT * FROM "ar_internal_metadata" WHERE "ar_internal_metadata"."key" = ? ORDER BY "ar_internal_metadata"."key" ASC LIMIT 1[0m  [[nil, "environment"]]
  [1m[35m (0.2ms)[0m  [1m[35mDROP TABLE IF EXISTS "survey_answers"[0m
  [1m[35m (1.4ms)[0m  [1m[35mCREATE TABLE "survey_answers" ("id" integer PRIMARY KEY AUTOINCREMENT NOT NULL, "attempt_id" integer, "question_id" integer, "option_id" integer, "correct" boolean DEFAULT 0 NOT NULL, "created_at" datetime(6) NOT NULL, "updated_at" datetime(6) NOT NULL, "option_text" text, "option_number" integer, "predefined_value_id" integer)[0m
  [1m[35m (0.0ms)[0m  [1m[35mDROP TABLE IF EXISTS "survey_attempts"[0m
  [1m[35m (0.2ms)[0m  [1m[35mCREATE TABLE "survey_attempts" ("id" integer PRIMARY KEY AUTOINCREMENT NOT NULL, "participant_type" varchar, "participant_id" integer, "survey_id" integer, "winner" boolean DEFAULT 0 NOT NULL, "score" decimal, "created_at" datetime(6) NOT NULL, "updated_at" datetime(6) NOT NULL)[0m
  [1m[35m (0.1ms)[0m  [1m[35mCREATE INDEX "index_survey_attempts_on_participant" ON "survey_attempts" ("participant_type", "participant_id")[0m
  [1m[35m (0.0ms)[0m  [1m[35mDROP TABLE IF EXISTS "survey_options"[0m
  [1m[35m (0.1ms)[0m  [1m[35mCREATE TABLE "survey_options" ("id" integer PRIMARY KEY AUTOINCREMENT NOT NULL, "question_id" integer, "weight" integer DEFAULT 0, "text" varchar, "correct" boolean, "created_at" datetime(6) NOT NULL, "updated_at" datetime(6) NOT NULL, "locale_text" varchar, "options_type_id" integer, "head_number" varchar)[0m
  [1m[35m (0.0ms)[0m  [1m[35mDROP TABLE IF EXISTS "survey_predefined_values"[0m
  [1m[35m (0.1ms)[0m  [1m[35mCREATE TABLE "survey_predefined_values" ("id" integer PRIMARY KEY AUTOINCREMENT NOT NULL, "head_number" varchar, "name" varchar, "locale_name" varchar, "question_id" integer, "created_at" datetime(6) NOT NULL, "updated_at" datetime(6) NOT NULL)[0m
  [1m[35m (0.0ms)[0m  [1m[35mDROP TABLE IF EXISTS "survey_questions"[0m
  [1m[35m (0.1ms)[0m  [1m[35mCREATE TABLE "survey_questions" ("id" integer PRIMARY KEY AUTOINCREMENT NOT NULL, "text" varchar, "created_at" datetime(6) NOT NULL, "updated_at" datetime(6) NOT NULL, "section_id" integer, "head_number" varchar, "description" text, "locale_text" varchar, "locale_head_number" varchar, "locale_description" text, "questions_type_id" integer, "mandatory" boolean DEFAULT 0)[0m
  [1m[35m (0.0ms)[0m  [1m[35mDROP TABLE IF EXISTS "survey_sections"[0m
  [1m[35m (0.0ms)[0m  [1m[35mCREATE TABLE "survey_sections" ("id" integer PRIMARY KEY AUTOINCREMENT NOT NULL, "head_number" varchar, "name" varchar, "description" text, "survey_id" integer, "created_at" datetime(6) NOT NULL, "updated_at" datetime(6) NOT NULL, "locale_head_number" varchar, "locale_name" varchar, "locale_description" text)[0m
  [1m[35m (0.0ms)[0m  [1m[35mDROP TABLE IF EXISTS "survey_surveys"[0m
  [1m[35m (0.1ms)[0m  [1m[35mCREATE TABLE "survey_surveys" ("id" integer PRIMARY KEY AUTOINCREMENT NOT NULL, "name" varchar, "description" text, "attempts_number" integer DEFAULT 0, "finished" boolean DEFAULT 0, "active" boolean DEFAULT 1, "created_at" datetime(6) NOT NULL, "updated_at" datetime(6) NOT NULL, "locale_name" varchar, "locale_description" text)[0m
  [1m[35m (0.0ms)[0m  [1m[35mDROP TABLE IF EXISTS "users"[0m
  [1m[35m (0.1ms)[0m  [1m[35mCREATE TABLE "users" ("id" integer PRIMARY KEY AUTOINCREMENT NOT NULL, "name" varchar, "created_at" datetime(6) NOT NULL, "updated_at" datetime(6) NOT NULL)[0m
  [1m[35m (0.1ms)[0m  [1m[35mCREATE TABLE "schema_migrations" ("version" varchar NOT NULL PRIMARY KEY)[0m
  [1m[36mActiveRecord::SchemaMigration Load (0.0ms)[0m  [1m[34mSELECT "schema_migrations"."version" FROM "schema_migrations" ORDER BY "schema_migrations"."version" ASC[0m
  [1m[35m (0.0ms)[0m  [1m[32mINSERT INTO "schema_migrations" (version) VALUES (20240818185937)[0m
  [1m[35m (0.0ms)[0m  [1m[32mINSERT INTO "schema_migrations" (version) VALUES
(20240818185936),
(20240818185935),
(20240818185934),
(20240818185933),
(20240818185932),
(20240818185931),
(20240818184555);[0m
  [1m[35m (0.1ms)[0m  [1m[35mCREATE TABLE "ar_internal_metadata" ("key" varchar NOT NULL PRIMARY KEY, "value" varchar, "created_at" datetime(6) NOT NULL, "updated_at" datetime(6) NOT NULL)[0m
  [1m[36mActiveRecord::InternalMetadata Load (0.0ms)[0m  [1m[34mSELECT * FROM "ar_internal_metadata" WHERE "ar_internal_metadata"."key" = ? ORDER BY "ar_internal_metadata"."key" ASC LIMIT 1[0m  [[nil, "environment"]]
  [1m[36mActiveRecord::InternalMetadata Create (0.0ms)[0m  [1m[32mINSERT INTO "ar_internal_metadata" ("key", "value", "created_at", "updated_at") VALUES ('environment', 'development', '2024-08-18 19:08:50.522032', '2024-08-18 19:08:50.522034') RETURNING "key"[0m
  [1m[36mActiveRecord::InternalMetadata Load (0.0ms)[0m  [1m[34mSELECT * FROM "ar_internal_metadata" WHERE "ar_internal_metadata"."key" = ? ORDER BY "ar_internal_metadata"."key" ASC LIMIT 1[0m  [[nil, "environment"]]
  [1m[36mActiveRecord::InternalMetadata Update (0.0ms)[0m  [1m[33mUPDATE "ar_internal_metadata" SET "value" = 'test', "updated_at" = '2024-08-18 19:08:50.522640' WHERE "ar_internal_metadata"."key" = 'environment'[0m
  [1m[36mActiveRecord::InternalMetadata Load (0.0ms)[0m  [1m[34mSELECT * FROM "ar_internal_metadata" WHERE "ar_internal_metadata"."key" = ? ORDER BY "ar_internal_metadata"."key" ASC LIMIT 1[0m  [[nil, "schema_sha1"]]
  [1m[36mActiveRecord::InternalMetadata Create (0.0ms)[0m  [1m[32mINSERT INTO "ar_internal_metadata" ("key", "value", "created_at", "updated_at") VALUES ('schema_sha1', 'f902039f787c96aabe516a6c6bd0b5fc68b2fabe', '2024-08-18 19:08:50.523106', '2024-08-18 19:08:50.523107') RETURNING "key"[0m
  [1m[36mActiveRecord::SchemaMigration Load (0.0ms)[0m  [1m[34mSELECT "schema_migrations"."version" FROM "schema_migrations" ORDER BY "schema_migrations"."version" ASC[0m
  [1m[36mTRANSACTION (0.0ms)[0m  [1m[36mbegin transaction[0m
  [1m[36mUser Create (0.5ms)[0m  [1m[32mINSERT INTO "users" ("name", "created_at", "updated_at") VALUES (?, ?, ?) RETURNING "id"[0m  [["name", "Ewa Bartell"], ["created_at", "2024-08-18 19:08:51.040584"], ["updated_at", "2024-08-18 19:08:51.040584"]]
  [1m[36mTRANSACTION (0.2ms)[0m  [1m[36mcommit transaction[0m
  [1m[36mTRANSACTION (0.0ms)[0m  [1m[36mbegin transaction[0m
  [1m[36mUser Create (0.4ms)[0m  [1m[32mINSERT INTO "users" ("name", "created_at", "updated_at") VALUES (?, ?, ?) RETURNING "id"[0m  [["name", "Antony Osinski"], ["created_at", "2024-08-18 19:08:51.042489"], ["updated_at", "2024-08-18 19:08:51.042489"]]
  [1m[36mTRANSACTION (0.0ms)[0m  [1m[36mcommit transaction[0m
  [1m[36mActiveRecord::InternalMetadata Load (0.0ms)[0m  [1m[34mSELECT * FROM "ar_internal_metadata" WHERE "ar_internal_metadata"."key" = ? ORDER BY "ar_internal_metadata"."key" ASC LIMIT 1[0m  [[nil, "schema_sha1"]]
  [1m[36mActiveRecord::SchemaMigration Load (0.0ms)[0m  [1m[34mSELECT "schema_migrations"."version" FROM "schema_migrations" ORDER BY "schema_migrations"."version" ASC[0m
  [1m[36mActiveRecord::InternalMetadata Load (0.0ms)[0m  [1m[34mSELECT * FROM "ar_internal_metadata" WHERE "ar_internal_metadata"."key" = ? ORDER BY "ar_internal_metadata"."key" ASC LIMIT 1[0m  [[nil, "environment"]]
  [1m[36mActiveRecord::SchemaMigration Load (0.0ms)[0m  [1m[34mSELECT "schema_migrations"."version" FROM "schema_migrations" ORDER BY "schema_migrations"."version" ASC[0m
  [1m[36mActiveRecord::InternalMetadata Load (0.0ms)[0m  [1m[34mSELECT * FROM "ar_internal_metadata" WHERE "ar_internal_metadata"."key" = ? ORDER BY "ar_internal_metadata"."key" ASC LIMIT 1[0m  [[nil, "environment"]]
  [1m[36mActiveRecord::SchemaMigration Load (0.0ms)[0m  [1m[34mSELECT "schema_migrations"."version" FROM "schema_migrations" ORDER BY "schema_migrations"."version" ASC[0m
  [1m[36mActiveRecord::InternalMetadata Load (0.0ms)[0m  [1m[34mSELECT * FROM "ar_internal_metadata" WHERE "ar_internal_metadata"."key" = ? ORDER BY "ar_internal_metadata"."key" ASC LIMIT 1[0m  [[nil, "environment"]]
  [1m[35m (0.1ms)[0m  [1m[35mDROP TABLE IF EXISTS "survey_answers"[0m
  [1m[35m (0.2ms)[0m  [1m[35mCREATE TABLE "survey_answers" ("id" integer PRIMARY KEY AUTOINCREMENT NOT NULL, "attempt_id" integer, "question_id" integer, "option_id" integer, "correct" boolean DEFAULT 0 NOT NULL, "created_at" datetime(6) NOT NULL, "updated_at" datetime(6) NOT NULL, "option_text" text, "option_number" integer, "predefined_value_id" integer)[0m
  [1m[35m (0.0ms)[0m  [1m[35mDROP TABLE IF EXISTS "survey_attempts"[0m
  [1m[35m (0.1ms)[0m  [1m[35mCREATE TABLE "survey_attempts" ("id" integer PRIMARY KEY AUTOINCREMENT NOT NULL, "participant_type" varchar, "participant_id" integer, "survey_id" integer, "winner" boolean DEFAULT 0 NOT NULL, "score" decimal, "created_at" datetime(6) NOT NULL, "updated_at" datetime(6) NOT NULL)[0m
  [1m[35m (0.1ms)[0m  [1m[35mCREATE INDEX "index_survey_attempts_on_participant" ON "survey_attempts" ("participant_type", "participant_id")[0m
  [1m[35m (0.0ms)[0m  [1m[35mDROP TABLE IF EXISTS "survey_options"[0m
  [1m[35m (0.1ms)[0m  [1m[35mCREATE TABLE "survey_options" ("id" integer PRIMARY KEY AUTOINCREMENT NOT NULL, "question_id" integer, "weight" integer DEFAULT 0, "text" varchar, "correct" boolean, "created_at" datetime(6) NOT NULL, "updated_at" datetime(6) NOT NULL, "locale_text" varchar, "options_type_id" integer, "head_number" varchar)[0m
  [1m[35m (0.0ms)[0m  [1m[35mDROP TABLE IF EXISTS "survey_predefined_values"[0m
  [1m[35m (0.0ms)[0m  [1m[35mCREATE TABLE "survey_predefined_values" ("id" integer PRIMARY KEY AUTOINCREMENT NOT NULL, "head_number" varchar, "name" varchar, "locale_name" varchar, "question_id" integer, "created_at" datetime(6) NOT NULL, "updated_at" datetime(6) NOT NULL)[0m
  [1m[35m (0.0ms)[0m  [1m[35mDROP TABLE IF EXISTS "survey_questions"[0m
  [1m[35m (0.1ms)[0m  [1m[35mCREATE TABLE "survey_questions" ("id" integer PRIMARY KEY AUTOINCREMENT NOT NULL, "text" varchar, "created_at" datetime(6) NOT NULL, "updated_at" datetime(6) NOT NULL, "section_id" integer, "head_number" varchar, "description" text, "locale_text" varchar, "locale_head_number" varchar, "locale_description" text, "questions_type_id" integer, "mandatory" boolean DEFAULT 0)[0m
  [1m[35m (0.0ms)[0m  [1m[35mDROP TABLE IF EXISTS "survey_sections"[0m
  [1m[35m (0.0ms)[0m  [1m[35mCREATE TABLE "survey_sections" ("id" integer PRIMARY KEY AUTOINCREMENT NOT NULL, "head_number" varchar, "name" varchar, "description" text, "survey_id" integer, "created_at" datetime(6) NOT NULL, "updated_at" datetime(6) NOT NULL, "locale_head_number" varchar, "locale_name" varchar, "locale_description" text)[0m
  [1m[35m (0.0ms)[0m  [1m[35mDROP TABLE IF EXISTS "survey_surveys"[0m
  [1m[35m (0.1ms)[0m  [1m[35mCREATE TABLE "survey_surveys" ("id" integer PRIMARY KEY AUTOINCREMENT NOT NULL, "name" varchar, "description" text, "attempts_number" integer DEFAULT 0, "finished" boolean DEFAULT 0, "active" boolean DEFAULT 1, "created_at" datetime(6) NOT NULL, "updated_at" datetime(6) NOT NULL, "locale_name" varchar, "locale_description" text)[0m
  [1m[35m (0.0ms)[0m  [1m[35mDROP TABLE IF EXISTS "users"[0m
  [1m[35m (0.0ms)[0m  [1m[35mCREATE TABLE "users" ("id" integer PRIMARY KEY AUTOINCREMENT NOT NULL, "name" varchar, "created_at" datetime(6) NOT NULL, "updated_at" datetime(6) NOT NULL)[0m
  [1m[35m (0.1ms)[0m  [1m[35mCREATE TABLE "schema_migrations" ("version" varchar NOT NULL PRIMARY KEY)[0m
  [1m[36mActiveRecord::SchemaMigration Load (0.0ms)[0m  [1m[34mSELECT "schema_migrations"."version" FROM "schema_migrations" ORDER BY "schema_migrations"."version" ASC[0m
  [1m[35m (0.0ms)[0m  [1m[32mINSERT INTO "schema_migrations" (version) VALUES (20240818185937)[0m
  [1m[35m (0.0ms)[0m  [1m[32mINSERT INTO "schema_migrations" (version) VALUES
(20240818185936),
(20240818185935),
(20240818185934),
(20240818185933),
(20240818185932),
(20240818185931),
(20240818184555);[0m
  [1m[35m (0.1ms)[0m  [1m[35mCREATE TABLE "ar_internal_metadata" ("key" varchar NOT NULL PRIMARY KEY, "value" varchar, "created_at" datetime(6) NOT NULL, "updated_at" datetime(6) NOT NULL)[0m
  [1m[36mActiveRecord::InternalMetadata Load (0.0ms)[0m  [1m[34mSELECT * FROM "ar_internal_metadata" WHERE "ar_internal_metadata"."key" = ? ORDER BY "ar_internal_metadata"."key" ASC LIMIT 1[0m  [[nil, "environment"]]
  [1m[36mActiveRecord::InternalMetadata Create (0.0ms)[0m  [1m[32mINSERT INTO "ar_internal_metadata" ("key", "value", "created_at", "updated_at") VALUES ('environment', 'development', '2024-08-18 19:12:26.473801', '2024-08-18 19:12:26.473803') RETURNING "key"[0m
  [1m[36mActiveRecord::InternalMetadata Load (0.0ms)[0m  [1m[34mSELECT * FROM "ar_internal_metadata" WHERE "ar_internal_metadata"."key" = ? ORDER BY "ar_internal_metadata"."key" ASC LIMIT 1[0m  [[nil, "environment"]]
  [1m[36mActiveRecord::InternalMetadata Update (0.0ms)[0m  [1m[33mUPDATE "ar_internal_metadata" SET "value" = 'test', "updated_at" = '2024-08-18 19:12:26.474454' WHERE "ar_internal_metadata"."key" = 'environment'[0m
  [1m[36mActiveRecord::InternalMetadata Load (0.0ms)[0m  [1m[34mSELECT * FROM "ar_internal_metadata" WHERE "ar_internal_metadata"."key" = ? ORDER BY "ar_internal_metadata"."key" ASC LIMIT 1[0m  [[nil, "schema_sha1"]]
  [1m[36mActiveRecord::InternalMetadata Create (0.0ms)[0m  [1m[32mINSERT INTO "ar_internal_metadata" ("key", "value", "created_at", "updated_at") VALUES ('schema_sha1', 'f902039f787c96aabe516a6c6bd0b5fc68b2fabe', '2024-08-18 19:12:26.474949', '2024-08-18 19:12:26.474950') RETURNING "key"[0m
  [1m[36mActiveRecord::SchemaMigration Load (0.0ms)[0m  [1m[34mSELECT "schema_migrations"."version" FROM "schema_migrations" ORDER BY "schema_migrations"."version" ASC[0m
  [1m[36mActiveRecord::InternalMetadata Load (0.0ms)[0m  [1m[34mSELECT * FROM "ar_internal_metadata" WHERE "ar_internal_metadata"."key" = ? ORDER BY "ar_internal_metadata"."key" ASC LIMIT 1[0m  [[nil, "schema_sha1"]]
  [1m[36mActiveRecord::SchemaMigration Load (0.0ms)[0m  [1m[34mSELECT "schema_migrations"."version" FROM "schema_migrations" ORDER BY "schema_migrations"."version" ASC[0m
  [1m[36mActiveRecord::InternalMetadata Load (0.0ms)[0m  [1m[34mSELECT * FROM "ar_internal_metadata" WHERE "ar_internal_metadata"."key" = ? ORDER BY "ar_internal_metadata"."key" ASC LIMIT 1[0m  [[nil, "environment"]]
  [1m[36mActiveRecord::SchemaMigration Load (0.0ms)[0m  [1m[34mSELECT "schema_migrations"."version" FROM "schema_migrations" ORDER BY "schema_migrations"."version" ASC[0m
  [1m[36mActiveRecord::InternalMetadata Load (0.0ms)[0m  [1m[34mSELECT * FROM "ar_internal_metadata" WHERE "ar_internal_metadata"."key" = ? ORDER BY "ar_internal_metadata"."key" ASC LIMIT 1[0m  [[nil, "environment"]]
  [1m[36mActiveRecord::SchemaMigration Load (0.0ms)[0m  [1m[34mSELECT "schema_migrations"."version" FROM "schema_migrations" ORDER BY "schema_migrations"."version" ASC[0m
  [1m[36mActiveRecord::InternalMetadata Load (0.0ms)[0m  [1m[34mSELECT * FROM "ar_internal_metadata" WHERE "ar_internal_metadata"."key" = ? ORDER BY "ar_internal_metadata"."key" ASC LIMIT 1[0m  [[nil, "environment"]]
  [1m[35m (0.1ms)[0m  [1m[35mDROP TABLE IF EXISTS "survey_answers"[0m
  [1m[35m (0.6ms)[0m  [1m[35mCREATE TABLE "survey_answers" ("id" integer PRIMARY KEY AUTOINCREMENT NOT NULL, "attempt_id" integer, "question_id" integer, "option_id" integer, "correct" boolean DEFAULT 0 NOT NULL, "created_at" datetime(6) NOT NULL, "updated_at" datetime(6) NOT NULL, "option_text" text, "option_number" integer, "predefined_value_id" integer)[0m
  [1m[35m (0.0ms)[0m  [1m[35mDROP TABLE IF EXISTS "survey_attempts"[0m
  [1m[35m (0.1ms)[0m  [1m[35mCREATE TABLE "survey_attempts" ("id" integer PRIMARY KEY AUTOINCREMENT NOT NULL, "participant_type" varchar, "participant_id" integer, "survey_id" integer, "winner" boolean DEFAULT 0 NOT NULL, "score" decimal, "created_at" datetime(6) NOT NULL, "updated_at" datetime(6) NOT NULL)[0m
  [1m[35m (0.1ms)[0m  [1m[35mCREATE INDEX "index_survey_attempts_on_participant" ON "survey_attempts" ("participant_type", "participant_id")[0m
  [1m[35m (0.0ms)[0m  [1m[35mDROP TABLE IF EXISTS "survey_options"[0m
  [1m[35m (0.1ms)[0m  [1m[35mCREATE TABLE "survey_options" ("id" integer PRIMARY KEY AUTOINCREMENT NOT NULL, "question_id" integer, "weight" integer DEFAULT 0, "text" varchar, "correct" boolean, "created_at" datetime(6) NOT NULL, "updated_at" datetime(6) NOT NULL, "locale_text" varchar, "options_type_id" integer, "head_number" varchar)[0m
  [1m[35m (0.0ms)[0m  [1m[35mDROP TABLE IF EXISTS "survey_predefined_values"[0m
  [1m[35m (0.1ms)[0m  [1m[35mCREATE TABLE "survey_predefined_values" ("id" integer PRIMARY KEY AUTOINCREMENT NOT NULL, "head_number" varchar, "name" varchar, "locale_name" varchar, "question_id" integer, "created_at" datetime(6) NOT NULL, "updated_at" datetime(6) NOT NULL)[0m
  [1m[35m (0.0ms)[0m  [1m[35mDROP TABLE IF EXISTS "survey_questions"[0m
  [1m[35m (0.1ms)[0m  [1m[35mCREATE TABLE "survey_questions" ("id" integer PRIMARY KEY AUTOINCREMENT NOT NULL, "text" varchar, "created_at" datetime(6) NOT NULL, "updated_at" datetime(6) NOT NULL, "section_id" integer, "head_number" varchar, "description" text, "locale_text" varchar, "locale_head_number" varchar, "locale_description" text, "questions_type_id" integer, "mandatory" boolean DEFAULT 0)[0m
  [1m[35m (0.0ms)[0m  [1m[35mDROP TABLE IF EXISTS "survey_sections"[0m
  [1m[35m (0.1ms)[0m  [1m[35mCREATE TABLE "survey_sections" ("id" integer PRIMARY KEY AUTOINCREMENT NOT NULL, "head_number" varchar, "name" varchar, "description" text, "survey_id" integer, "created_at" datetime(6) NOT NULL, "updated_at" datetime(6) NOT NULL, "locale_head_number" varchar, "locale_name" varchar, "locale_description" text)[0m
  [1m[35m (0.0ms)[0m  [1m[35mDROP TABLE IF EXISTS "survey_surveys"[0m
  [1m[35m (0.1ms)[0m  [1m[35mCREATE TABLE "survey_surveys" ("id" integer PRIMARY KEY AUTOINCREMENT NOT NULL, "name" varchar, "description" text, "attempts_number" integer DEFAULT 0, "finished" boolean DEFAULT 0, "active" boolean DEFAULT 1, "created_at" datetime(6) NOT NULL, "updated_at" datetime(6) NOT NULL, "locale_name" varchar, "locale_description" text)[0m
  [1m[35m (0.0ms)[0m  [1m[35mDROP TABLE IF EXISTS "users"[0m
  [1m[35m (0.1ms)[0m  [1m[35mCREATE TABLE "users" ("id" integer PRIMARY KEY AUTOINCREMENT NOT NULL, "name" varchar, "created_at" datetime(6) NOT NULL, "updated_at" datetime(6) NOT NULL)[0m
  [1m[35m (0.1ms)[0m  [1m[35mCREATE TABLE "schema_migrations" ("version" varchar NOT NULL PRIMARY KEY)[0m
  [1m[36mActiveRecord::SchemaMigration Load (0.0ms)[0m  [1m[34mSELECT "schema_migrations"."version" FROM "schema_migrations" ORDER BY "schema_migrations"."version" ASC[0m
  [1m[35m (0.0ms)[0m  [1m[32mINSERT INTO "schema_migrations" (version) VALUES (20240818185937)[0m
  [1m[35m (0.0ms)[0m  [1m[32mINSERT INTO "schema_migrations" (version) VALUES
(20240818185936),
(20240818185935),
(20240818185934),
(20240818185933),
(20240818185932),
(20240818185931),
(20240818184555);[0m
  [1m[35m (0.1ms)[0m  [1m[35mCREATE TABLE "ar_internal_metadata" ("key" varchar NOT NULL PRIMARY KEY, "value" varchar, "created_at" datetime(6) NOT NULL, "updated_at" datetime(6) NOT NULL)[0m
  [1m[36mActiveRecord::InternalMetadata Load (0.0ms)[0m  [1m[34mSELECT * FROM "ar_internal_metadata" WHERE "ar_internal_metadata"."key" = ? ORDER BY "ar_internal_metadata"."key" ASC LIMIT 1[0m  [[nil, "environment"]]
  [1m[36mActiveRecord::InternalMetadata Create (0.0ms)[0m  [1m[32mINSERT INTO "ar_internal_metadata" ("key", "value", "created_at", "updated_at") VALUES ('environment', 'development', '2024-08-18 19:14:26.627067', '2024-08-18 19:14:26.627069') RETURNING "key"[0m
  [1m[36mActiveRecord::InternalMetadata Load (0.0ms)[0m  [1m[34mSELECT * FROM "ar_internal_metadata" WHERE "ar_internal_metadata"."key" = ? ORDER BY "ar_internal_metadata"."key" ASC LIMIT 1[0m  [[nil, "environment"]]
  [1m[36mActiveRecord::InternalMetadata Update (0.0ms)[0m  [1m[33mUPDATE "ar_internal_metadata" SET "value" = 'test', "updated_at" = '2024-08-18 19:14:26.627679' WHERE "ar_internal_metadata"."key" = 'environment'[0m
  [1m[36mActiveRecord::InternalMetadata Load (0.0ms)[0m  [1m[34mSELECT * FROM "ar_internal_metadata" WHERE "ar_internal_metadata"."key" = ? ORDER BY "ar_internal_metadata"."key" ASC LIMIT 1[0m  [[nil, "schema_sha1"]]
  [1m[36mActiveRecord::InternalMetadata Create (0.0ms)[0m  [1m[32mINSERT INTO "ar_internal_metadata" ("key", "value", "created_at", "updated_at") VALUES ('schema_sha1', 'f902039f787c96aabe516a6c6bd0b5fc68b2fabe', '2024-08-18 19:14:26.628151', '2024-08-18 19:14:26.628152') RETURNING "key"[0m
  [1m[36mActiveRecord::SchemaMigration Load (0.0ms)[0m  [1m[34mSELECT "schema_migrations"."version" FROM "schema_migrations" ORDER BY "schema_migrations"."version" ASC[0m
  [1m[36mTRANSACTION (0.0ms)[0m  [1m[36mbegin transaction[0m
  [1m[36mUser Create (0.5ms)[0m  [1m[32mINSERT INTO "users" ("name", "created_at", "updated_at") VALUES (?, ?, ?) RETURNING "id"[0m  [["name", "Anderson Hartmann"], ["created_at", "2024-08-18 19:14:27.134429"], ["updated_at", "2024-08-18 19:14:27.134429"]]
  [1m[36mTRANSACTION (0.1ms)[0m  [1m[36mcommit transaction[0m
  [1m[36mTRANSACTION (0.0ms)[0m  [1m[36mbegin transaction[0m
  [1m[36mUser Create (0.5ms)[0m  [1m[32mINSERT INTO "users" ("name", "created_at", "updated_at") VALUES (?, ?, ?) RETURNING "id"[0m  [["name", "Maynard McCullough MD"], ["created_at", "2024-08-18 19:14:27.136399"], ["updated_at", "2024-08-18 19:14:27.136399"]]
  [1m[36mTRANSACTION (0.0ms)[0m  [1m[36mcommit transaction[0m
